{"/Users/admin/Downloads/yorkshire-&-humber-seizure-lens-2/App.tsx": {"path":"/Users/admin/Downloads/yorkshire-&-humber-seizure-lens-2/App.tsx","statementMap":{"0":{"start":{"line":15,"column":22},"end":{"line":417,"column":null}},"1":{"start":{"line":17,"column":28},"end":{"line":17,"column":null}},"2":{"start":{"line":19,"column":28},"end":{"line":19,"column":null}},"3":{"start":{"line":20,"column":32},"end":{"line":20,"column":null}},"4":{"start":{"line":22,"column":22},"end":{"line":22,"column":null}},"5":{"start":{"line":24,"column":32},"end":{"line":24,"column":null}},"6":{"start":{"line":26,"column":32},"end":{"line":26,"column":null}},"7":{"start":{"line":30,"column":38},"end":{"line":30,"column":null}},"8":{"start":{"line":33,"column":34},"end":{"line":33,"column":null}},"9":{"start":{"line":36,"column":2},"end":{"line":42,"column":null}},"10":{"start":{"line":37,"column":4},"end":{"line":41,"column":null}},"11":{"start":{"line":38,"column":6},"end":{"line":38,"column":null}},"12":{"start":{"line":40,"column":6},"end":{"line":40,"column":null}},"13":{"start":{"line":45,"column":28},"end":{"line":53,"column":null}},"14":{"start":{"line":56,"column":25},"end":{"line":73,"column":null}},"15":{"start":{"line":57,"column":4},"end":{"line":57,"column":null}},"16":{"start":{"line":60,"column":4},"end":{"line":60,"column":null}},"17":{"start":{"line":60,"column":33},"end":{"line":60,"column":56}},"18":{"start":{"line":62,"column":4},"end":{"line":72,"column":null}},"19":{"start":{"line":63,"column":19},"end":{"line":63,"column":null}},"20":{"start":{"line":64,"column":58},"end":{"line":64,"column":null}},"21":{"start":{"line":65,"column":6},"end":{"line":65,"column":null}},"22":{"start":{"line":66,"column":6},"end":{"line":66,"column":null}},"23":{"start":{"line":67,"column":6},"end":{"line":67,"column":null}},"24":{"start":{"line":68,"column":6},"end":{"line":68,"column":null}},"25":{"start":{"line":70,"column":6},"end":{"line":70,"column":null}},"26":{"start":{"line":71,"column":6},"end":{"line":71,"column":null}},"27":{"start":{"line":77,"column":8},"end":{"line":150,"column":null}},"28":{"start":{"line":78,"column":20},"end":{"line":78,"column":null}},"29":{"start":{"line":80,"column":17},"end":{"line":135,"column":null}},"30":{"start":{"line":82,"column":6},"end":{"line":85,"column":null}},"31":{"start":{"line":83,"column":24},"end":{"line":83,"column":null}},"32":{"start":{"line":83,"column":53},"end":{"line":83,"column":102}},"33":{"start":{"line":84,"column":8},"end":{"line":84,"column":null}},"34":{"start":{"line":84,"column":22},"end":{"line":84,"column":null}},"35":{"start":{"line":88,"column":6},"end":{"line":88,"column":null}},"36":{"start":{"line":88,"column":85},"end":{"line":88,"column":null}},"37":{"start":{"line":89,"column":6},"end":{"line":89,"column":null}},"38":{"start":{"line":89,"column":94},"end":{"line":89,"column":null}},"39":{"start":{"line":92,"column":6},"end":{"line":92,"column":null}},"40":{"start":{"line":92,"column":73},"end":{"line":92,"column":null}},"41":{"start":{"line":93,"column":6},"end":{"line":93,"column":null}},"42":{"start":{"line":93,"column":72},"end":{"line":93,"column":97}},"43":{"start":{"line":93,"column":100},"end":{"line":93,"column":null}},"44":{"start":{"line":96,"column":6},"end":{"line":101,"column":null}},"45":{"start":{"line":97,"column":21},"end":{"line":97,"column":null}},"46":{"start":{"line":98,"column":8},"end":{"line":98,"column":null}},"47":{"start":{"line":98,"column":25},"end":{"line":98,"column":null}},"48":{"start":{"line":99,"column":8},"end":{"line":99,"column":null}},"49":{"start":{"line":99,"column":85},"end":{"line":99,"column":null}},"50":{"start":{"line":100,"column":8},"end":{"line":100,"column":null}},"51":{"start":{"line":100,"column":96},"end":{"line":100,"column":null}},"52":{"start":{"line":104,"column":6},"end":{"line":132,"column":null}},"53":{"start":{"line":105,"column":8},"end":{"line":105,"column":null}},"54":{"start":{"line":105,"column":41},"end":{"line":105,"column":null}},"55":{"start":{"line":107,"column":8},"end":{"line":131,"column":null}},"56":{"start":{"line":108,"column":20},"end":{"line":108,"column":null}},"57":{"start":{"line":109,"column":21},"end":{"line":109,"column":null}},"58":{"start":{"line":110,"column":21},"end":{"line":110,"column":null}},"59":{"start":{"line":111,"column":16},"end":{"line":111,"column":null}},"60":{"start":{"line":112,"column":16},"end":{"line":112,"column":null}},"61":{"start":{"line":114,"column":20},"end":{"line":114,"column":null}},"62":{"start":{"line":115,"column":20},"end":{"line":115,"column":null}},"63":{"start":{"line":116,"column":27},"end":{"line":116,"column":null}},"64":{"start":{"line":118,"column":10},"end":{"line":118,"column":null}},"65":{"start":{"line":118,"column":61},"end":{"line":118,"column":null}},"66":{"start":{"line":119,"column":8},"end":{"line":131,"column":null}},"67":{"start":{"line":121,"column":23},"end":{"line":121,"column":null}},"68":{"start":{"line":122,"column":21},"end":{"line":122,"column":null}},"69":{"start":{"line":123,"column":20},"end":{"line":123,"column":33}},"70":{"start":{"line":123,"column":37},"end":{"line":123,"column":null}},"71":{"start":{"line":124,"column":10},"end":{"line":129,"column":null}},"72":{"start":{"line":124,"column":23},"end":{"line":124,"column":26}},"73":{"start":{"line":124,"column":30},"end":{"line":124,"column":45}},"74":{"start":{"line":125,"column":25},"end":{"line":125,"column":36}},"75":{"start":{"line":125,"column":41},"end":{"line":125,"column":null}},"76":{"start":{"line":126,"column":25},"end":{"line":126,"column":36}},"77":{"start":{"line":126,"column":41},"end":{"line":126,"column":null}},"78":{"start":{"line":127,"column":34},"end":{"line":127,"column":null}},"79":{"start":{"line":128,"column":14},"end":{"line":128,"column":null}},"80":{"start":{"line":128,"column":29},"end":{"line":128,"column":null}},"81":{"start":{"line":130,"column":10},"end":{"line":130,"column":null}},"82":{"start":{"line":130,"column":23},"end":{"line":130,"column":null}},"83":{"start":{"line":134,"column":6},"end":{"line":134,"column":null}},"84":{"start":{"line":140,"column":4},"end":{"line":147,"column":null}},"85":{"start":{"line":141,"column":20},"end":{"line":141,"column":null}},"86":{"start":{"line":142,"column":20},"end":{"line":142,"column":null}},"87":{"start":{"line":143,"column":6},"end":{"line":143,"column":null}},"88":{"start":{"line":143,"column":40},"end":{"line":143,"column":null}},"89":{"start":{"line":144,"column":6},"end":{"line":144,"column":null}},"90":{"start":{"line":144,"column":24},"end":{"line":144,"column":null}},"91":{"start":{"line":145,"column":6},"end":{"line":145,"column":null}},"92":{"start":{"line":145,"column":24},"end":{"line":145,"column":null}},"93":{"start":{"line":146,"column":6},"end":{"line":146,"column":null}},"94":{"start":{"line":148,"column":23},"end":{"line":148,"column":null}},"95":{"start":{"line":149,"column":4},"end":{"line":149,"column":null}},"96":{"start":{"line":154,"column":8},"end":{"line":158,"column":null}},"97":{"start":{"line":155,"column":4},"end":{"line":155,"column":null}},"98":{"start":{"line":155,"column":35},"end":{"line":155,"column":null}},"99":{"start":{"line":157,"column":4},"end":{"line":157,"column":null}},"100":{"start":{"line":157,"column":54},"end":{"line":157,"column":100}},"101":{"start":{"line":161,"column":8},"end":{"line":168,"column":null}},"102":{"start":{"line":162,"column":4},"end":{"line":167,"column":null}},"103":{"start":{"line":163,"column":54},"end":{"line":163,"column":64}},"104":{"start":{"line":164,"column":57},"end":{"line":164,"column":70}},"105":{"start":{"line":165,"column":50},"end":{"line":165,"column":56}},"106":{"start":{"line":166,"column":53},"end":{"line":166,"column":86}},"107":{"start":{"line":171,"column":8},"end":{"line":185,"column":null}},"108":{"start":{"line":172,"column":4},"end":{"line":172,"column":null}},"109":{"start":{"line":172,"column":35},"end":{"line":172,"column":null}},"110":{"start":{"line":174,"column":51},"end":{"line":174,"column":null}},"111":{"start":{"line":175,"column":4},"end":{"line":175,"column":null}},"112":{"start":{"line":175,"column":32},"end":{"line":175,"column":100}},"113":{"start":{"line":176,"column":19},"end":{"line":176,"column":null}},"114":{"start":{"line":176,"column":65},"end":{"line":176,"column":76}},"115":{"start":{"line":178,"column":48},"end":{"line":178,"column":null}},"116":{"start":{"line":179,"column":4},"end":{"line":179,"column":null}},"117":{"start":{"line":179,"column":32},"end":{"line":179,"column":102}},"118":{"start":{"line":180,"column":20},"end":{"line":180,"column":null}},"119":{"start":{"line":180,"column":63},"end":{"line":180,"column":74}},"120":{"start":{"line":182,"column":21},"end":{"line":182,"column":null}},"121":{"start":{"line":182,"column":53},"end":{"line":182,"column":78}},"122":{"start":{"line":184,"column":4},"end":{"line":184,"column":null}},"123":{"start":{"line":187,"column":2},"end":{"line":415,"column":null}},"124":{"start":{"line":204,"column":29},"end":{"line":204,"column":null}},"125":{"start":{"line":211,"column":29},"end":{"line":211,"column":62}},"126":{"start":{"line":215,"column":35},"end":{"line":215,"column":51}},"127":{"start":{"line":219,"column":35},"end":{"line":219,"column":54}},"128":{"start":{"line":236,"column":39},"end":{"line":236,"column":null}},"129":{"start":{"line":236,"column":56},"end":{"line":236,"column":71}},"130":{"start":{"line":287,"column":41},"end":{"line":287,"column":null}},"131":{"start":{"line":303,"column":34},"end":{"line":305,"column":null}},"132":{"start":{"line":311,"column":32},"end":{"line":317,"column":null}},"133":{"start":{"line":313,"column":36},"end":{"line":315,"column":null}},"134":{"start":{"line":329,"column":57},"end":{"line":329,"column":94}},"135":{"start":{"line":331,"column":62},"end":{"line":331,"column":null}},"136":{"start":{"line":331,"column":79},"end":{"line":331,"column":103}},"137":{"start":{"line":353,"column":41},"end":{"line":353,"column":null}},"138":{"start":{"line":370,"column":39},"end":{"line":370,"column":null}},"139":{"start":{"line":376,"column":39},"end":{"line":376,"column":null}}},"fnMap":{"0":{"name":"(anonymous_0)","decl":{"start":{"line":15,"column":22},"end":{"line":15,"column":28}},"loc":{"start":{"line":15,"column":28},"end":{"line":417,"column":null}},"line":15},"1":{"name":"(anonymous_1)","decl":{"start":{"line":36,"column":12},"end":{"line":36,"column":18}},"loc":{"start":{"line":36,"column":18},"end":{"line":42,"column":5}},"line":36},"2":{"name":"(anonymous_2)","decl":{"start":{"line":56,"column":25},"end":{"line":56,"column":32}},"loc":{"start":{"line":56,"column":55},"end":{"line":73,"column":null}},"line":56},"3":{"name":"(anonymous_3)","decl":{"start":{"line":60,"column":22},"end":{"line":60,"column":33}},"loc":{"start":{"line":60,"column":33},"end":{"line":60,"column":56}},"line":60},"4":{"name":"(anonymous_4)","decl":{"start":{"line":77,"column":31},"end":{"line":77,"column":37}},"loc":{"start":{"line":77,"column":37},"end":{"line":150,"column":5}},"line":77},"5":{"name":"(anonymous_5)","decl":{"start":{"line":80,"column":32},"end":{"line":80,"column":37}},"loc":{"start":{"line":80,"column":37},"end":{"line":135,"column":5}},"line":80},"6":{"name":"(anonymous_6)","decl":{"start":{"line":83,"column":46},"end":{"line":83,"column":53}},"loc":{"start":{"line":83,"column":53},"end":{"line":83,"column":102}},"line":83},"7":{"name":"(anonymous_7)","decl":{"start":{"line":93,"column":66},"end":{"line":93,"column":72}},"loc":{"start":{"line":93,"column":72},"end":{"line":93,"column":97}},"line":93},"8":{"name":"(anonymous_8)","decl":{"start":{"line":140,"column":16},"end":{"line":140,"column":17}},"loc":{"start":{"line":140,"column":26},"end":{"line":147,"column":5}},"line":140},"9":{"name":"(anonymous_9)","decl":{"start":{"line":154,"column":33},"end":{"line":154,"column":39}},"loc":{"start":{"line":154,"column":39},"end":{"line":158,"column":5}},"line":154},"10":{"name":"(anonymous_10)","decl":{"start":{"line":157,"column":47},"end":{"line":157,"column":54}},"loc":{"start":{"line":157,"column":54},"end":{"line":157,"column":100}},"line":157},"11":{"name":"(anonymous_11)","decl":{"start":{"line":161,"column":31},"end":{"line":161,"column":37}},"loc":{"start":{"line":161,"column":37},"end":{"line":168,"column":5}},"line":161},"12":{"name":"(anonymous_12)","decl":{"start":{"line":163,"column":49},"end":{"line":163,"column":54}},"loc":{"start":{"line":163,"column":54},"end":{"line":163,"column":64}},"line":163},"13":{"name":"(anonymous_13)","decl":{"start":{"line":164,"column":52},"end":{"line":164,"column":57}},"loc":{"start":{"line":164,"column":57},"end":{"line":164,"column":70}},"line":164},"14":{"name":"(anonymous_14)","decl":{"start":{"line":165,"column":45},"end":{"line":165,"column":50}},"loc":{"start":{"line":165,"column":50},"end":{"line":165,"column":56}},"line":165},"15":{"name":"(anonymous_15)","decl":{"start":{"line":166,"column":48},"end":{"line":166,"column":53}},"loc":{"start":{"line":166,"column":53},"end":{"line":166,"column":86}},"line":166},"16":{"name":"(anonymous_16)","decl":{"start":{"line":171,"column":28},"end":{"line":171,"column":34}},"loc":{"start":{"line":171,"column":34},"end":{"line":185,"column":5}},"line":171},"17":{"name":"(anonymous_17)","decl":{"start":{"line":175,"column":25},"end":{"line":175,"column":30}},"loc":{"start":{"line":175,"column":30},"end":{"line":175,"column":101}},"line":175},"18":{"name":"(anonymous_18)","decl":{"start":{"line":176,"column":55},"end":{"line":176,"column":56}},"loc":{"start":{"line":176,"column":65},"end":{"line":176,"column":76}},"line":176},"19":{"name":"(anonymous_19)","decl":{"start":{"line":179,"column":25},"end":{"line":179,"column":30}},"loc":{"start":{"line":179,"column":30},"end":{"line":179,"column":103}},"line":179},"20":{"name":"(anonymous_20)","decl":{"start":{"line":180,"column":53},"end":{"line":180,"column":54}},"loc":{"start":{"line":180,"column":63},"end":{"line":180,"column":74}},"line":180},"21":{"name":"(anonymous_21)","decl":{"start":{"line":182,"column":41},"end":{"line":182,"column":42}},"loc":{"start":{"line":182,"column":53},"end":{"line":182,"column":78}},"line":182},"22":{"name":"(anonymous_22)","decl":{"start":{"line":204,"column":23},"end":{"line":204,"column":29}},"loc":{"start":{"line":204,"column":29},"end":{"line":204,"column":null}},"line":204},"23":{"name":"(anonymous_23)","decl":{"start":{"line":211,"column":29},"end":{"line":211,"column":35}},"loc":{"start":{"line":211,"column":29},"end":{"line":211,"column":62}},"line":211},"24":{"name":"(anonymous_24)","decl":{"start":{"line":215,"column":29},"end":{"line":215,"column":35}},"loc":{"start":{"line":215,"column":35},"end":{"line":215,"column":51}},"line":215},"25":{"name":"(anonymous_25)","decl":{"start":{"line":219,"column":29},"end":{"line":219,"column":35}},"loc":{"start":{"line":219,"column":35},"end":{"line":219,"column":54}},"line":219},"26":{"name":"(anonymous_26)","decl":{"start":{"line":236,"column":32},"end":{"line":236,"column":33}},"loc":{"start":{"line":236,"column":39},"end":{"line":236,"column":null}},"line":236},"27":{"name":"(anonymous_27)","decl":{"start":{"line":236,"column":50},"end":{"line":236,"column":56}},"loc":{"start":{"line":236,"column":56},"end":{"line":236,"column":71}},"line":236},"28":{"name":"(anonymous_28)","decl":{"start":{"line":287,"column":35},"end":{"line":287,"column":41}},"loc":{"start":{"line":287,"column":41},"end":{"line":287,"column":null}},"line":287},"29":{"name":"(anonymous_29)","decl":{"start":{"line":302,"column":52},"end":{"line":302,"column":null}},"loc":{"start":{"line":303,"column":34},"end":{"line":305,"column":null}},"line":303},"30":{"name":"(anonymous_30)","decl":{"start":{"line":310,"column":62},"end":{"line":310,"column":63}},"loc":{"start":{"line":311,"column":32},"end":{"line":317,"column":null}},"line":311},"31":{"name":"(anonymous_31)","decl":{"start":{"line":312,"column":54},"end":{"line":312,"column":null}},"loc":{"start":{"line":313,"column":36},"end":{"line":315,"column":null}},"line":313},"32":{"name":"(anonymous_32)","decl":{"start":{"line":329,"column":52},"end":{"line":329,"column":57}},"loc":{"start":{"line":329,"column":57},"end":{"line":329,"column":94}},"line":329},"33":{"name":"(anonymous_33)","decl":{"start":{"line":331,"column":43},"end":{"line":331,"column":44}},"loc":{"start":{"line":331,"column":62},"end":{"line":331,"column":null}},"line":331},"34":{"name":"(anonymous_34)","decl":{"start":{"line":331,"column":73},"end":{"line":331,"column":79}},"loc":{"start":{"line":331,"column":79},"end":{"line":331,"column":103}},"line":331},"35":{"name":"(anonymous_35)","decl":{"start":{"line":353,"column":34},"end":{"line":353,"column":35}},"loc":{"start":{"line":353,"column":41},"end":{"line":353,"column":null}},"line":353},"36":{"name":"(anonymous_36)","decl":{"start":{"line":370,"column":33},"end":{"line":370,"column":39}},"loc":{"start":{"line":370,"column":39},"end":{"line":370,"column":null}},"line":370},"37":{"name":"(anonymous_37)","decl":{"start":{"line":376,"column":33},"end":{"line":376,"column":39}},"loc":{"start":{"line":376,"column":39},"end":{"line":376,"column":null}},"line":376}},"branchMap":{"0":{"loc":{"start":{"line":37,"column":4},"end":{"line":41,"column":null}},"type":"if","locations":[{"start":{"line":37,"column":4},"end":{"line":41,"column":null}},{"start":{"line":39,"column":11},"end":{"line":41,"column":null}}],"line":37},"1":{"loc":{"start":{"line":63,"column":19},"end":{"line":63,"column":null}},"type":"cond-expr","locations":[{"start":{"line":63,"column":44},"end":{"line":63,"column":58}},{"start":{"line":63,"column":44},"end":{"line":63,"column":null}}],"line":63},"2":{"loc":{"start":{"line":82,"column":6},"end":{"line":85,"column":null}},"type":"if","locations":[{"start":{"line":82,"column":6},"end":{"line":85,"column":null}},{"start":{},"end":{}}],"line":82},"3":{"loc":{"start":{"line":83,"column":60},"end":{"line":83,"column":69}},"type":"binary-expr","locations":[{"start":{"line":83,"column":60},"end":{"line":83,"column":67}},{"start":{"line":83,"column":67},"end":{"line":83,"column":69}}],"line":83},"4":{"loc":{"start":{"line":84,"column":8},"end":{"line":84,"column":null}},"type":"if","locations":[{"start":{"line":84,"column":8},"end":{"line":84,"column":null}},{"start":{},"end":{}}],"line":84},"5":{"loc":{"start":{"line":88,"column":6},"end":{"line":88,"column":null}},"type":"if","locations":[{"start":{"line":88,"column":6},"end":{"line":88,"column":null}},{"start":{},"end":{}}],"line":88},"6":{"loc":{"start":{"line":88,"column":10},"end":{"line":88,"column":85}},"type":"binary-expr","locations":[{"start":{"line":88,"column":10},"end":{"line":88,"column":43}},{"start":{"line":88,"column":43},"end":{"line":88,"column":85}}],"line":88},"7":{"loc":{"start":{"line":89,"column":6},"end":{"line":89,"column":null}},"type":"if","locations":[{"start":{"line":89,"column":6},"end":{"line":89,"column":null}},{"start":{},"end":{}}],"line":89},"8":{"loc":{"start":{"line":89,"column":10},"end":{"line":89,"column":94}},"type":"binary-expr","locations":[{"start":{"line":89,"column":10},"end":{"line":89,"column":46}},{"start":{"line":89,"column":46},"end":{"line":89,"column":94}}],"line":89},"9":{"loc":{"start":{"line":92,"column":6},"end":{"line":92,"column":null}},"type":"if","locations":[{"start":{"line":92,"column":6},"end":{"line":92,"column":null}},{"start":{},"end":{}}],"line":92},"10":{"loc":{"start":{"line":92,"column":10},"end":{"line":92,"column":73}},"type":"binary-expr","locations":[{"start":{"line":92,"column":10},"end":{"line":92,"column":39}},{"start":{"line":92,"column":39},"end":{"line":92,"column":73}}],"line":92},"11":{"loc":{"start":{"line":93,"column":6},"end":{"line":93,"column":null}},"type":"if","locations":[{"start":{"line":93,"column":6},"end":{"line":93,"column":null}},{"start":{},"end":{}}],"line":93},"12":{"loc":{"start":{"line":93,"column":10},"end":{"line":93,"column":100}},"type":"binary-expr","locations":[{"start":{"line":93,"column":10},"end":{"line":93,"column":42}},{"start":{"line":93,"column":42},"end":{"line":93,"column":100}}],"line":93},"13":{"loc":{"start":{"line":96,"column":6},"end":{"line":101,"column":null}},"type":"if","locations":[{"start":{"line":96,"column":6},"end":{"line":101,"column":null}},{"start":{},"end":{}}],"line":96},"14":{"loc":{"start":{"line":96,"column":10},"end":{"line":96,"column":56}},"type":"binary-expr","locations":[{"start":{"line":96,"column":10},"end":{"line":96,"column":34}},{"start":{"line":96,"column":34},"end":{"line":96,"column":56}}],"line":96},"15":{"loc":{"start":{"line":98,"column":8},"end":{"line":98,"column":null}},"type":"if","locations":[{"start":{"line":98,"column":8},"end":{"line":98,"column":null}},{"start":{},"end":{}}],"line":98},"16":{"loc":{"start":{"line":99,"column":8},"end":{"line":99,"column":null}},"type":"if","locations":[{"start":{"line":99,"column":8},"end":{"line":99,"column":null}},{"start":{},"end":{}}],"line":99},"17":{"loc":{"start":{"line":99,"column":12},"end":{"line":99,"column":85}},"type":"binary-expr","locations":[{"start":{"line":99,"column":12},"end":{"line":99,"column":36}},{"start":{"line":99,"column":36},"end":{"line":99,"column":85}}],"line":99},"18":{"loc":{"start":{"line":100,"column":8},"end":{"line":100,"column":null}},"type":"if","locations":[{"start":{"line":100,"column":8},"end":{"line":100,"column":null}},{"start":{},"end":{}}],"line":100},"19":{"loc":{"start":{"line":100,"column":12},"end":{"line":100,"column":96}},"type":"binary-expr","locations":[{"start":{"line":100,"column":12},"end":{"line":100,"column":36}},{"start":{"line":100,"column":36},"end":{"line":100,"column":96}}],"line":100},"20":{"loc":{"start":{"line":104,"column":6},"end":{"line":132,"column":null}},"type":"if","locations":[{"start":{"line":104,"column":6},"end":{"line":132,"column":null}},{"start":{},"end":{}}],"line":104},"21":{"loc":{"start":{"line":105,"column":8},"end":{"line":105,"column":null}},"type":"if","locations":[{"start":{"line":105,"column":8},"end":{"line":105,"column":null}},{"start":{},"end":{}}],"line":105},"22":{"loc":{"start":{"line":105,"column":12},"end":{"line":105,"column":41}},"type":"binary-expr","locations":[{"start":{"line":105,"column":12},"end":{"line":105,"column":27}},{"start":{"line":105,"column":27},"end":{"line":105,"column":41}}],"line":105},"23":{"loc":{"start":{"line":107,"column":8},"end":{"line":131,"column":null}},"type":"if","locations":[{"start":{"line":107,"column":8},"end":{"line":131,"column":null}},{"start":{"line":119,"column":8},"end":{"line":131,"column":null}}],"line":107},"24":{"loc":{"start":{"line":118,"column":10},"end":{"line":118,"column":null}},"type":"if","locations":[{"start":{"line":118,"column":10},"end":{"line":118,"column":null}},{"start":{},"end":{}}],"line":118},"25":{"loc":{"start":{"line":119,"column":8},"end":{"line":131,"column":null}},"type":"if","locations":[{"start":{"line":119,"column":8},"end":{"line":131,"column":null}},{"start":{},"end":{}}],"line":119},"26":{"loc":{"start":{"line":119,"column":19},"end":{"line":119,"column":107}},"type":"binary-expr","locations":[{"start":{"line":119,"column":19},"end":{"line":119,"column":63}},{"start":{"line":119,"column":63},"end":{"line":119,"column":107}}],"line":119},"27":{"loc":{"start":{"line":127,"column":34},"end":{"line":127,"column":null}},"type":"binary-expr","locations":[{"start":{"line":127,"column":34},"end":{"line":127,"column":59}},{"start":{"line":127,"column":59},"end":{"line":127,"column":null}}],"line":127},"28":{"loc":{"start":{"line":128,"column":14},"end":{"line":128,"column":null}},"type":"if","locations":[{"start":{"line":128,"column":14},"end":{"line":128,"column":null}},{"start":{},"end":{}}],"line":128},"29":{"loc":{"start":{"line":130,"column":10},"end":{"line":130,"column":null}},"type":"if","locations":[{"start":{"line":130,"column":10},"end":{"line":130,"column":null}},{"start":{},"end":{}}],"line":130},"30":{"loc":{"start":{"line":143,"column":6},"end":{"line":143,"column":null}},"type":"if","locations":[{"start":{"line":143,"column":6},"end":{"line":143,"column":null}},{"start":{},"end":{}}],"line":143},"31":{"loc":{"start":{"line":143,"column":10},"end":{"line":143,"column":40}},"type":"binary-expr","locations":[{"start":{"line":143,"column":10},"end":{"line":143,"column":26}},{"start":{"line":143,"column":26},"end":{"line":143,"column":40}}],"line":143},"32":{"loc":{"start":{"line":144,"column":6},"end":{"line":144,"column":null}},"type":"if","locations":[{"start":{"line":144,"column":6},"end":{"line":144,"column":null}},{"start":{},"end":{}}],"line":144},"33":{"loc":{"start":{"line":145,"column":6},"end":{"line":145,"column":null}},"type":"if","locations":[{"start":{"line":145,"column":6},"end":{"line":145,"column":null}},{"start":{},"end":{}}],"line":145},"34":{"loc":{"start":{"line":155,"column":4},"end":{"line":155,"column":null}},"type":"if","locations":[{"start":{"line":155,"column":4},"end":{"line":155,"column":null}},{"start":{},"end":{}}],"line":155},"35":{"loc":{"start":{"line":172,"column":4},"end":{"line":172,"column":null}},"type":"if","locations":[{"start":{"line":172,"column":4},"end":{"line":172,"column":null}},{"start":{},"end":{}}],"line":172},"36":{"loc":{"start":{"line":175,"column":62},"end":{"line":175,"column":97}},"type":"binary-expr","locations":[{"start":{"line":175,"column":62},"end":{"line":175,"column":92}},{"start":{"line":175,"column":92},"end":{"line":175,"column":97}}],"line":175},"37":{"loc":{"start":{"line":176,"column":19},"end":{"line":176,"column":null}},"type":"binary-expr","locations":[{"start":{"line":176,"column":19},"end":{"line":176,"column":89}},{"start":{"line":176,"column":89},"end":{"line":176,"column":null}}],"line":176},"38":{"loc":{"start":{"line":179,"column":55},"end":{"line":179,"column":84}},"type":"binary-expr","locations":[{"start":{"line":179,"column":55},"end":{"line":179,"column":78}},{"start":{"line":179,"column":78},"end":{"line":179,"column":84}}],"line":179},"39":{"loc":{"start":{"line":179,"column":84},"end":{"line":179,"column":102}},"type":"binary-expr","locations":[{"start":{"line":179,"column":84},"end":{"line":179,"column":98}},{"start":{"line":179,"column":98},"end":{"line":179,"column":102}}],"line":179},"40":{"loc":{"start":{"line":180,"column":20},"end":{"line":180,"column":null}},"type":"binary-expr","locations":[{"start":{"line":180,"column":20},"end":{"line":180,"column":87}},{"start":{"line":180,"column":87},"end":{"line":180,"column":null}}],"line":180},"41":{"loc":{"start":{"line":182,"column":60},"end":{"line":182,"column":78}},"type":"binary-expr","locations":[{"start":{"line":182,"column":60},"end":{"line":182,"column":74}},{"start":{"line":182,"column":74},"end":{"line":182,"column":78}}],"line":182},"42":{"loc":{"start":{"line":200,"column":9},"end":{"line":222,"column":null}},"type":"binary-expr","locations":[{"start":{"line":200,"column":9},"end":{"line":200,"column":null}},{"start":{"line":201,"column":10},"end":{"line":222,"column":null}}],"line":200},"43":{"loc":{"start":{"line":206,"column":21},"end":{"line":206,"column":null}},"type":"cond-expr","locations":[{"start":{"line":206,"column":34},"end":{"line":206,"column":59}},{"start":{"line":206,"column":59},"end":{"line":206,"column":null}}],"line":206},"44":{"loc":{"start":{"line":208,"column":15},"end":{"line":208,"column":null}},"type":"cond-expr","locations":[{"start":{"line":208,"column":28},"end":{"line":208,"column":75}},{"start":{"line":208,"column":75},"end":{"line":208,"column":null}}],"line":208},"45":{"loc":{"start":{"line":227,"column":9},"end":{"line":400,"column":null}},"type":"cond-expr","locations":[{"start":{"line":228,"column":10},"end":{"line":230,"column":null}},{"start":{"line":232,"column":10},"end":{"line":400,"column":null}}],"line":227},"46":{"loc":{"start":{"line":264,"column":15},"end":{"line":267,"column":null}},"type":"binary-expr","locations":[{"start":{"line":264,"column":15},"end":{"line":264,"column":27}},{"start":{"line":264,"column":27},"end":{"line":264,"column":57}},{"start":{"line":264,"column":57},"end":{"line":264,"column":null}},{"start":{"line":265,"column":16},"end":{"line":267,"column":null}}],"line":264},"47":{"loc":{"start":{"line":290,"column":47},"end":{"line":290,"column":null}},"type":"cond-expr","locations":[{"start":{"line":290,"column":59},"end":{"line":290,"column":72}},{"start":{"line":290,"column":72},"end":{"line":290,"column":null}}],"line":290},"48":{"loc":{"start":{"line":297,"column":23},"end":{"line":333,"column":null}},"type":"cond-expr","locations":[{"start":{"line":298,"column":24},"end":{"line":326,"column":null}},{"start":{"line":328,"column":24},"end":{"line":333,"column":null}}],"line":297},"49":{"loc":{"start":{"line":311,"column":58},"end":{"line":311,"column":null}},"type":"cond-expr","locations":[{"start":{"line":311,"column":72},"end":{"line":311,"column":112}},{"start":{"line":311,"column":112},"end":{"line":311,"column":null}}],"line":311},"50":{"loc":{"start":{"line":314,"column":39},"end":{"line":314,"column":null}},"type":"cond-expr","locations":[{"start":{"line":314,"column":59},"end":{"line":314,"column":82}},{"start":{"line":314,"column":82},"end":{"line":314,"column":null}}],"line":314},"51":{"loc":{"start":{"line":314,"column":89},"end":{"line":314,"column":104}},"type":"binary-expr","locations":[{"start":{"line":314,"column":89},"end":{"line":314,"column":102}},{"start":{"line":314,"column":102},"end":{"line":314,"column":104}}],"line":314},"52":{"loc":{"start":{"line":321,"column":27},"end":{"line":324,"column":null}},"type":"binary-expr","locations":[{"start":{"line":321,"column":27},"end":{"line":321,"column":null}},{"start":{"line":322,"column":28},"end":{"line":324,"column":null}}],"line":321},"53":{"loc":{"start":{"line":329,"column":57},"end":{"line":329,"column":94}},"type":"binary-expr","locations":[{"start":{"line":329,"column":57},"end":{"line":329,"column":77}},{"start":{"line":329,"column":77},"end":{"line":329,"column":94}}],"line":329},"54":{"loc":{"start":{"line":371,"column":106},"end":{"line":371,"column":285}},"type":"cond-expr","locations":[{"start":{"line":371,"column":128},"end":{"line":371,"column":202}},{"start":{"line":371,"column":202},"end":{"line":371,"column":285}}],"line":371},"55":{"loc":{"start":{"line":377,"column":106},"end":{"line":377,"column":285}},"type":"cond-expr","locations":[{"start":{"line":377,"column":128},"end":{"line":377,"column":202}},{"start":{"line":377,"column":202},"end":{"line":377,"column":285}}],"line":377}},"s":{"0":1,"1":13,"2":13,"3":13,"4":13,"5":13,"6":13,"7":13,"8":13,"9":13,"10":6,"11":1,"12":5,"13":13,"14":13,"15":3,"16":3,"17":3,"18":3,"19":3,"20":3,"21":3,"22":3,"23":3,"24":3,"25":0,"26":0,"27":13,"28":7,"29":7,"30":3,"31":0,"32":0,"33":0,"34":0,"35":3,"36":0,"37":3,"38":0,"39":3,"40":0,"41":3,"42":0,"43":0,"44":3,"45":0,"46":0,"47":0,"48":0,"49":0,"50":0,"51":0,"52":3,"53":0,"54":0,"55":0,"56":0,"57":0,"58":0,"59":0,"60":0,"61":0,"62":0,"63":0,"64":0,"65":0,"66":0,"67":0,"68":0,"69":0,"70":0,"71":0,"72":0,"73":0,"74":0,"75":0,"76":0,"77":0,"78":0,"79":0,"80":0,"81":0,"82":0,"83":3,"84":7,"85":0,"86":0,"87":0,"88":0,"89":0,"90":0,"91":0,"92":0,"93":0,"94":7,"95":7,"96":13,"97":7,"98":4,"99":3,"100":36,"101":13,"102":7,"103":3,"104":3,"105":3,"106":3,"107":13,"108":7,"109":4,"110":3,"111":3,"112":3,"113":3,"114":0,"115":7,"116":7,"117":3,"118":7,"119":0,"120":7,"121":3,"122":7,"123":13,"124":2,"125":0,"126":0,"127":1,"128":0,"129":0,"130":0,"131":0,"132":0,"133":0,"134":5,"135":0,"136":0,"137":0,"138":0,"139":0},"f":{"0":13,"1":6,"2":3,"3":3,"4":7,"5":3,"6":0,"7":0,"8":0,"9":7,"10":36,"11":7,"12":3,"13":3,"14":3,"15":3,"16":7,"17":3,"18":0,"19":3,"20":0,"21":3,"22":2,"23":0,"24":0,"25":1,"26":0,"27":0,"28":0,"29":0,"30":0,"31":0,"32":5,"33":0,"34":0,"35":0,"36":0,"37":0},"b":{"0":[1,5],"1":[0,3],"2":[0,3],"3":[0,0],"4":[0,0],"5":[0,3],"6":[3,0],"7":[0,3],"8":[3,0],"9":[0,3],"10":[3,0],"11":[0,3],"12":[3,0],"13":[0,3],"14":[3,3],"15":[0,0],"16":[0,0],"17":[0,0],"18":[0,0],"19":[0,0],"20":[0,3],"21":[0,0],"22":[0,0],"23":[0,0],"24":[0,0],"25":[0,0],"26":[0,0],"27":[0,0],"28":[0,0],"29":[0,0],"30":[0,0],"31":[0,0],"32":[0,0],"33":[0,0],"34":[4,3],"35":[4,3],"36":[3,3],"37":[3,0],"38":[3,3],"39":[3,0],"40":[7,0],"41":[3,0],"42":[13,5],"43":[1,4],"44":[1,4],"45":[8,5],"46":[5,5,5,0],"47":[0,5],"48":[0,5],"49":[0,0],"50":[0,0],"51":[0,0],"52":[0,0],"53":[5,5],"54":[5,0],"55":[0,5]},"meta":{"lastBranch":56,"lastFunction":38,"lastStatement":140,"seen":{"s:15:22:417:Infinity":0,"f:15:22:15:28":0,"s:17:28:17:Infinity":1,"s:19:28:19:Infinity":2,"s:20:32:20:Infinity":3,"s:22:22:22:Infinity":4,"s:24:32:24:Infinity":5,"s:26:32:26:Infinity":6,"s:30:38:30:Infinity":7,"s:33:34:33:Infinity":8,"s:36:2:42:Infinity":9,"f:36:12:36:18":1,"b:37:4:41:Infinity:39:11:41:Infinity":0,"s:37:4:41:Infinity":10,"s:38:6:38:Infinity":11,"s:40:6:40:Infinity":12,"s:45:28:53:Infinity":13,"s:56:25:73:Infinity":14,"f:56:25:56:32":2,"s:57:4:57:Infinity":15,"s:60:4:60:Infinity":16,"f:60:22:60:33":3,"s:60:33:60:56":17,"s:62:4:72:Infinity":18,"s:63:19:63:Infinity":19,"b:63:44:63:58:63:44:63:Infinity":1,"s:64:58:64:Infinity":20,"s:65:6:65:Infinity":21,"s:66:6:66:Infinity":22,"s:67:6:67:Infinity":23,"s:68:6:68:Infinity":24,"s:70:6:70:Infinity":25,"s:71:6:71:Infinity":26,"s:77:8:150:Infinity":27,"f:77:31:77:37":4,"s:78:20:78:Infinity":28,"s:80:17:135:Infinity":29,"f:80:32:80:37":5,"b:82:6:85:Infinity:undefined:undefined:undefined:undefined":2,"s:82:6:85:Infinity":30,"s:83:24:83:Infinity":31,"f:83:46:83:53":6,"s:83:53:83:102":32,"b:83:60:83:67:83:67:83:69":3,"b:84:8:84:Infinity:undefined:undefined:undefined:undefined":4,"s:84:8:84:Infinity":33,"s:84:22:84:Infinity":34,"b:88:6:88:Infinity:undefined:undefined:undefined:undefined":5,"s:88:6:88:Infinity":35,"b:88:10:88:43:88:43:88:85":6,"s:88:85:88:Infinity":36,"b:89:6:89:Infinity:undefined:undefined:undefined:undefined":7,"s:89:6:89:Infinity":37,"b:89:10:89:46:89:46:89:94":8,"s:89:94:89:Infinity":38,"b:92:6:92:Infinity:undefined:undefined:undefined:undefined":9,"s:92:6:92:Infinity":39,"b:92:10:92:39:92:39:92:73":10,"s:92:73:92:Infinity":40,"b:93:6:93:Infinity:undefined:undefined:undefined:undefined":11,"s:93:6:93:Infinity":41,"b:93:10:93:42:93:42:93:100":12,"f:93:66:93:72":7,"s:93:72:93:97":42,"s:93:100:93:Infinity":43,"b:96:6:101:Infinity:undefined:undefined:undefined:undefined":13,"s:96:6:101:Infinity":44,"b:96:10:96:34:96:34:96:56":14,"s:97:21:97:Infinity":45,"b:98:8:98:Infinity:undefined:undefined:undefined:undefined":15,"s:98:8:98:Infinity":46,"s:98:25:98:Infinity":47,"b:99:8:99:Infinity:undefined:undefined:undefined:undefined":16,"s:99:8:99:Infinity":48,"b:99:12:99:36:99:36:99:85":17,"s:99:85:99:Infinity":49,"b:100:8:100:Infinity:undefined:undefined:undefined:undefined":18,"s:100:8:100:Infinity":50,"b:100:12:100:36:100:36:100:96":19,"s:100:96:100:Infinity":51,"b:104:6:132:Infinity:undefined:undefined:undefined:undefined":20,"s:104:6:132:Infinity":52,"b:105:8:105:Infinity:undefined:undefined:undefined:undefined":21,"s:105:8:105:Infinity":53,"b:105:12:105:27:105:27:105:41":22,"s:105:41:105:Infinity":54,"b:107:8:131:Infinity:119:8:131:Infinity":23,"s:107:8:131:Infinity":55,"s:108:20:108:Infinity":56,"s:109:21:109:Infinity":57,"s:110:21:110:Infinity":58,"s:111:16:111:Infinity":59,"s:112:16:112:Infinity":60,"s:114:20:114:Infinity":61,"s:115:20:115:Infinity":62,"s:116:27:116:Infinity":63,"b:118:10:118:Infinity:undefined:undefined:undefined:undefined":24,"s:118:10:118:Infinity":64,"s:118:61:118:Infinity":65,"b:119:8:131:Infinity:undefined:undefined:undefined:undefined":25,"s:119:8:131:Infinity":66,"b:119:19:119:63:119:63:119:107":26,"s:121:23:121:Infinity":67,"s:122:21:122:Infinity":68,"s:123:20:123:33":69,"s:123:37:123:Infinity":70,"s:124:10:129:Infinity":71,"s:124:23:124:26":72,"s:124:30:124:45":73,"s:125:25:125:36":74,"s:125:41:125:Infinity":75,"s:126:25:126:36":76,"s:126:41:126:Infinity":77,"s:127:34:127:Infinity":78,"b:127:34:127:59:127:59:127:Infinity":27,"b:128:14:128:Infinity:undefined:undefined:undefined:undefined":28,"s:128:14:128:Infinity":79,"s:128:29:128:Infinity":80,"b:130:10:130:Infinity:undefined:undefined:undefined:undefined":29,"s:130:10:130:Infinity":81,"s:130:23:130:Infinity":82,"s:134:6:134:Infinity":83,"s:140:4:147:Infinity":84,"f:140:16:140:17":8,"s:141:20:141:Infinity":85,"s:142:20:142:Infinity":86,"b:143:6:143:Infinity:undefined:undefined:undefined:undefined":30,"s:143:6:143:Infinity":87,"b:143:10:143:26:143:26:143:40":31,"s:143:40:143:Infinity":88,"b:144:6:144:Infinity:undefined:undefined:undefined:undefined":32,"s:144:6:144:Infinity":89,"s:144:24:144:Infinity":90,"b:145:6:145:Infinity:undefined:undefined:undefined:undefined":33,"s:145:6:145:Infinity":91,"s:145:24:145:Infinity":92,"s:146:6:146:Infinity":93,"s:148:23:148:Infinity":94,"s:149:4:149:Infinity":95,"s:154:8:158:Infinity":96,"f:154:33:154:39":9,"b:155:4:155:Infinity:undefined:undefined:undefined:undefined":34,"s:155:4:155:Infinity":97,"s:155:35:155:Infinity":98,"s:157:4:157:Infinity":99,"f:157:47:157:54":10,"s:157:54:157:100":100,"s:161:8:168:Infinity":101,"f:161:31:161:37":11,"s:162:4:167:Infinity":102,"f:163:49:163:54":12,"s:163:54:163:64":103,"f:164:52:164:57":13,"s:164:57:164:70":104,"f:165:45:165:50":14,"s:165:50:165:56":105,"f:166:48:166:53":15,"s:166:53:166:86":106,"s:171:8:185:Infinity":107,"f:171:28:171:34":16,"b:172:4:172:Infinity:undefined:undefined:undefined:undefined":35,"s:172:4:172:Infinity":108,"s:172:35:172:Infinity":109,"s:174:51:174:Infinity":110,"s:175:4:175:Infinity":111,"f:175:25:175:30":17,"s:175:32:175:100":112,"b:175:62:175:92:175:92:175:97":36,"s:176:19:176:Infinity":113,"b:176:19:176:89:176:89:176:Infinity":37,"f:176:55:176:56":18,"s:176:65:176:76":114,"s:178:48:178:Infinity":115,"s:179:4:179:Infinity":116,"f:179:25:179:30":19,"s:179:32:179:102":117,"b:179:55:179:78:179:78:179:84":38,"b:179:84:179:98:179:98:179:102":39,"s:180:20:180:Infinity":118,"b:180:20:180:87:180:87:180:Infinity":40,"f:180:53:180:54":20,"s:180:63:180:74":119,"s:182:21:182:Infinity":120,"f:182:41:182:42":21,"s:182:53:182:78":121,"b:182:60:182:74:182:74:182:78":41,"s:184:4:184:Infinity":122,"s:187:2:415:Infinity":123,"b:200:9:200:Infinity:201:10:222:Infinity":42,"f:204:23:204:29":22,"s:204:29:204:Infinity":124,"b:206:34:206:59:206:59:206:Infinity":43,"b:208:28:208:75:208:75:208:Infinity":44,"f:211:29:211:35":23,"s:211:29:211:62":125,"f:215:29:215:35":24,"s:215:35:215:51":126,"f:219:29:219:35":25,"s:219:35:219:54":127,"b:228:10:230:Infinity:232:10:400:Infinity":45,"f:236:32:236:33":26,"s:236:39:236:Infinity":128,"f:236:50:236:56":27,"s:236:56:236:71":129,"b:264:15:264:27:264:27:264:57:264:57:264:Infinity:265:16:267:Infinity":46,"f:287:35:287:41":28,"s:287:41:287:Infinity":130,"b:290:59:290:72:290:72:290:Infinity":47,"b:298:24:326:Infinity:328:24:333:Infinity":48,"f:302:52:302:Infinity":29,"s:303:34:305:Infinity":131,"f:310:62:310:63":30,"s:311:32:317:Infinity":132,"b:311:72:311:112:311:112:311:Infinity":49,"f:312:54:312:Infinity":31,"s:313:36:315:Infinity":133,"b:314:59:314:82:314:82:314:Infinity":50,"b:314:89:314:102:314:102:314:104":51,"b:321:27:321:Infinity:322:28:324:Infinity":52,"f:329:52:329:57":32,"s:329:57:329:94":134,"b:329:57:329:77:329:77:329:94":53,"f:331:43:331:44":33,"s:331:62:331:Infinity":135,"f:331:73:331:79":34,"s:331:79:331:103":136,"f:353:34:353:35":35,"s:353:41:353:Infinity":137,"f:370:33:370:39":36,"s:370:39:370:Infinity":138,"b:371:128:371:202:371:202:371:285":54,"f:376:33:376:39":37,"s:376:39:376:Infinity":139,"b:377:128:377:202:377:202:377:285":55}}}
,"/Users/admin/Downloads/yorkshire-&-humber-seizure-lens-2/HeatMap.tsx": {"path":"/Users/admin/Downloads/yorkshire-&-humber-seizure-lens-2/HeatMap.tsx","statementMap":{"0":{"start":{"line":17,"column":40},"end":{"line":290,"column":null}},"1":{"start":{"line":18,"column":8},"end":{"line":18,"column":null}},"2":{"start":{"line":19,"column":8},"end":{"line":19,"column":null}},"3":{"start":{"line":20,"column":8},"end":{"line":20,"column":null}},"4":{"start":{"line":21,"column":8},"end":{"line":21,"column":null}},"5":{"start":{"line":22,"column":8},"end":{"line":22,"column":null}},"6":{"start":{"line":23,"column":8},"end":{"line":23,"column":null}},"7":{"start":{"line":24,"column":8},"end":{"line":24,"column":null}},"8":{"start":{"line":25,"column":26},"end":{"line":25,"column":null}},"9":{"start":{"line":29,"column":2},"end":{"line":41,"column":null}},"10":{"start":{"line":30,"column":4},"end":{"line":30,"column":null}},"11":{"start":{"line":30,"column":53},"end":{"line":30,"column":null}},"12":{"start":{"line":32,"column":27},"end":{"line":36,"column":null}},"13":{"start":{"line":33,"column":6},"end":{"line":35,"column":null}},"14":{"start":{"line":34,"column":8},"end":{"line":34,"column":null}},"15":{"start":{"line":38,"column":4},"end":{"line":38,"column":null}},"16":{"start":{"line":40,"column":4},"end":{"line":40,"column":null}},"17":{"start":{"line":40,"column":17},"end":{"line":40,"column":null}},"18":{"start":{"line":43,"column":2},"end":{"line":241,"column":null}},"19":{"start":{"line":44,"column":4},"end":{"line":44,"column":null}},"20":{"start":{"line":44,"column":34},"end":{"line":44,"column":null}},"21":{"start":{"line":47,"column":4},"end":{"line":58,"column":null}},"22":{"start":{"line":49,"column":6},"end":{"line":49,"column":null}},"23":{"start":{"line":54,"column":6},"end":{"line":57,"column":null}},"24":{"start":{"line":61,"column":4},"end":{"line":67,"column":null}},"25":{"start":{"line":62,"column":6},"end":{"line":66,"column":null}},"26":{"start":{"line":63,"column":8},"end":{"line":63,"column":null}},"27":{"start":{"line":65,"column":8},"end":{"line":65,"column":null}},"28":{"start":{"line":72,"column":20},"end":{"line":72,"column":null}},"29":{"start":{"line":74,"column":4},"end":{"line":80,"column":null}},"30":{"start":{"line":75,"column":6},"end":{"line":75,"column":null}},"31":{"start":{"line":76,"column":4},"end":{"line":80,"column":null}},"32":{"start":{"line":77,"column":6},"end":{"line":79,"column":null}},"33":{"start":{"line":83,"column":4},"end":{"line":86,"column":null}},"34":{"start":{"line":84,"column":6},"end":{"line":84,"column":null}},"35":{"start":{"line":85,"column":6},"end":{"line":85,"column":null}},"36":{"start":{"line":87,"column":4},"end":{"line":87,"column":null}},"37":{"start":{"line":89,"column":4},"end":{"line":89,"column":null}},"38":{"start":{"line":89,"column":27},"end":{"line":89,"column":null}},"39":{"start":{"line":92,"column":33},"end":{"line":117,"column":null}},"40":{"start":{"line":93,"column":22},"end":{"line":106,"column":null}},"41":{"start":{"line":94,"column":8},"end":{"line":98,"column":null}},"42":{"start":{"line":108,"column":6},"end":{"line":114,"column":null}},"43":{"start":{"line":120,"column":4},"end":{"line":125,"column":null}},"44":{"start":{"line":121,"column":6},"end":{"line":124,"column":null}},"45":{"start":{"line":128,"column":4},"end":{"line":160,"column":null}},"46":{"start":{"line":129,"column":6},"end":{"line":129,"column":null}},"47":{"start":{"line":130,"column":6},"end":{"line":130,"column":null}},"48":{"start":{"line":132,"column":6},"end":{"line":140,"column":null}},"49":{"start":{"line":141,"column":6},"end":{"line":141,"column":null}},"50":{"start":{"line":143,"column":6},"end":{"line":155,"column":null}},"51":{"start":{"line":144,"column":22},"end":{"line":144,"column":null}},"52":{"start":{"line":145,"column":8},"end":{"line":145,"column":null}},"53":{"start":{"line":146,"column":8},"end":{"line":146,"column":null}},"54":{"start":{"line":148,"column":8},"end":{"line":154,"column":null}},"55":{"start":{"line":149,"column":10},"end":{"line":153,"column":null}},"56":{"start":{"line":150,"column":12},"end":{"line":150,"column":null}},"57":{"start":{"line":152,"column":12},"end":{"line":152,"column":null}},"58":{"start":{"line":152,"column":101},"end":{"line":152,"column":128}},"59":{"start":{"line":157,"column":6},"end":{"line":159,"column":null}},"60":{"start":{"line":158,"column":8},"end":{"line":158,"column":null}},"61":{"start":{"line":158,"column":29},"end":{"line":158,"column":null}},"62":{"start":{"line":163,"column":4},"end":{"line":165,"column":null}},"63":{"start":{"line":164,"column":6},"end":{"line":164,"column":null}},"64":{"start":{"line":167,"column":4},"end":{"line":167,"column":null}},"65":{"start":{"line":169,"column":30},"end":{"line":169,"column":null}},"66":{"start":{"line":170,"column":4},"end":{"line":185,"column":null}},"67":{"start":{"line":171,"column":6},"end":{"line":171,"column":null}},"68":{"start":{"line":173,"column":21},"end":{"line":175,"column":null}},"69":{"start":{"line":177,"column":6},"end":{"line":183,"column":null}},"70":{"start":{"line":184,"column":6},"end":{"line":184,"column":null}},"71":{"start":{"line":188,"column":4},"end":{"line":194,"column":null}},"72":{"start":{"line":197,"column":4},"end":{"line":228,"column":null}},"73":{"start":{"line":198,"column":26},"end":{"line":198,"column":null}},"74":{"start":{"line":201,"column":28},"end":{"line":204,"column":null}},"75":{"start":{"line":202,"column":21},"end":{"line":202,"column":null}},"76":{"start":{"line":203,"column":8},"end":{"line":203,"column":null}},"77":{"start":{"line":206,"column":6},"end":{"line":227,"column":null}},"78":{"start":{"line":209,"column":30},"end":{"line":209,"column":null}},"79":{"start":{"line":209,"column":68},"end":{"line":209,"column":93}},"80":{"start":{"line":210,"column":8},"end":{"line":214,"column":null}},"81":{"start":{"line":217,"column":8},"end":{"line":226,"column":null}},"82":{"start":{"line":218,"column":10},"end":{"line":225,"column":null}},"83":{"start":{"line":231,"column":4},"end":{"line":236,"column":null}},"84":{"start":{"line":232,"column":21},"end":{"line":232,"column":null}},"85":{"start":{"line":232,"column":50},"end":{"line":232,"column":75}},"86":{"start":{"line":233,"column":6},"end":{"line":233,"column":null}},"87":{"start":{"line":235,"column":6},"end":{"line":235,"column":null}},"88":{"start":{"line":238,"column":4},"end":{"line":240,"column":null}},"89":{"start":{"line":243,"column":25},"end":{"line":250,"column":null}},"90":{"start":{"line":244,"column":4},"end":{"line":249,"column":null}},"91":{"start":{"line":246,"column":21},"end":{"line":246,"column":null}},"92":{"start":{"line":247,"column":19},"end":{"line":247,"column":null}},"93":{"start":{"line":248,"column":6},"end":{"line":248,"column":null}},"94":{"start":{"line":252,"column":2},"end":{"line":288,"column":null}},"95":{"start":{"line":276,"column":27},"end":{"line":276,"column":null}}},"fnMap":{"0":{"name":"(anonymous_0)","decl":{"start":{"line":17,"column":40},"end":{"line":17,"column":41}},"loc":{"start":{"line":17,"column":104},"end":{"line":290,"column":null}},"line":17},"1":{"name":"(anonymous_1)","decl":{"start":{"line":29,"column":12},"end":{"line":29,"column":18}},"loc":{"start":{"line":29,"column":18},"end":{"line":41,"column":5}},"line":29},"2":{"name":"(anonymous_2)","decl":{"start":{"line":32,"column":46},"end":{"line":32,"column":52}},"loc":{"start":{"line":32,"column":52},"end":{"line":36,"column":5}},"line":32},"3":{"name":"(anonymous_3)","decl":{"start":{"line":40,"column":11},"end":{"line":40,"column":17}},"loc":{"start":{"line":40,"column":17},"end":{"line":40,"column":null}},"line":40},"4":{"name":"(anonymous_4)","decl":{"start":{"line":43,"column":12},"end":{"line":43,"column":18}},"loc":{"start":{"line":43,"column":18},"end":{"line":241,"column":5}},"line":43},"5":{"name":"(anonymous_5)","decl":{"start":{"line":92,"column":33},"end":{"line":92,"column":34}},"loc":{"start":{"line":92,"column":71},"end":{"line":117,"column":null}},"line":92},"6":{"name":"(anonymous_6)","decl":{"start":{"line":93,"column":47},"end":{"line":93,"column":null}},"loc":{"start":{"line":94,"column":8},"end":{"line":98,"column":null}},"line":94},"7":{"name":"(anonymous_7)","decl":{"start":{"line":143,"column":40},"end":{"line":143,"column":41}},"loc":{"start":{"line":143,"column":56},"end":{"line":155,"column":7}},"line":143},"8":{"name":"(anonymous_8)","decl":{"start":{"line":152,"column":88},"end":{"line":152,"column":89}},"loc":{"start":{"line":152,"column":101},"end":{"line":152,"column":128}},"line":152},"9":{"name":"(anonymous_9)","decl":{"start":{"line":157,"column":40},"end":{"line":157,"column":46}},"loc":{"start":{"line":157,"column":46},"end":{"line":159,"column":7}},"line":157},"10":{"name":"(anonymous_10)","decl":{"start":{"line":170,"column":17},"end":{"line":170,"column":22}},"loc":{"start":{"line":170,"column":22},"end":{"line":185,"column":5}},"line":170},"11":{"name":"(anonymous_11)","decl":{"start":{"line":197,"column":31},"end":{"line":197,"column":32}},"loc":{"start":{"line":197,"column":43},"end":{"line":228,"column":5}},"line":197},"12":{"name":"(anonymous_12)","decl":{"start":{"line":201,"column":40},"end":{"line":201,"column":45}},"loc":{"start":{"line":201,"column":45},"end":{"line":204,"column":7}},"line":201},"13":{"name":"(anonymous_13)","decl":{"start":{"line":209,"column":63},"end":{"line":209,"column":68}},"loc":{"start":{"line":209,"column":68},"end":{"line":209,"column":93}},"line":209},"14":{"name":"(anonymous_14)","decl":{"start":{"line":217,"column":39},"end":{"line":217,"column":45}},"loc":{"start":{"line":217,"column":45},"end":{"line":226,"column":9}},"line":217},"15":{"name":"(anonymous_15)","decl":{"start":{"line":232,"column":45},"end":{"line":232,"column":50}},"loc":{"start":{"line":232,"column":50},"end":{"line":232,"column":75}},"line":232},"16":{"name":"(anonymous_16)","decl":{"start":{"line":238,"column":11},"end":{"line":238,"column":17}},"loc":{"start":{"line":238,"column":17},"end":{"line":240,"column":null}},"line":238},"17":{"name":"(anonymous_17)","decl":{"start":{"line":243,"column":25},"end":{"line":243,"column":31}},"loc":{"start":{"line":243,"column":31},"end":{"line":250,"column":null}},"line":243},"18":{"name":"(anonymous_18)","decl":{"start":{"line":276,"column":20},"end":{"line":276,"column":21}},"loc":{"start":{"line":276,"column":27},"end":{"line":276,"column":null}},"line":276}},"branchMap":{"0":{"loc":{"start":{"line":30,"column":4},"end":{"line":30,"column":null}},"type":"if","locations":[{"start":{"line":30,"column":4},"end":{"line":30,"column":null}},{"start":{},"end":{}}],"line":30},"1":{"loc":{"start":{"line":30,"column":8},"end":{"line":30,"column":53}},"type":"binary-expr","locations":[{"start":{"line":30,"column":8},"end":{"line":30,"column":27}},{"start":{"line":30,"column":27},"end":{"line":30,"column":53}}],"line":30},"2":{"loc":{"start":{"line":33,"column":6},"end":{"line":35,"column":null}},"type":"if","locations":[{"start":{"line":33,"column":6},"end":{"line":35,"column":null}},{"start":{},"end":{}}],"line":33},"3":{"loc":{"start":{"line":44,"column":4},"end":{"line":44,"column":null}},"type":"if","locations":[{"start":{"line":44,"column":4},"end":{"line":44,"column":null}},{"start":{},"end":{}}],"line":44},"4":{"loc":{"start":{"line":47,"column":4},"end":{"line":58,"column":null}},"type":"if","locations":[{"start":{"line":47,"column":4},"end":{"line":58,"column":null}},{"start":{},"end":{}}],"line":47},"5":{"loc":{"start":{"line":61,"column":4},"end":{"line":67,"column":null}},"type":"if","locations":[{"start":{"line":61,"column":4},"end":{"line":67,"column":null}},{"start":{},"end":{}}],"line":61},"6":{"loc":{"start":{"line":62,"column":6},"end":{"line":66,"column":null}},"type":"if","locations":[{"start":{"line":62,"column":6},"end":{"line":66,"column":null}},{"start":{"line":64,"column":13},"end":{"line":66,"column":null}}],"line":62},"7":{"loc":{"start":{"line":74,"column":4},"end":{"line":80,"column":null}},"type":"if","locations":[{"start":{"line":74,"column":4},"end":{"line":80,"column":null}},{"start":{"line":76,"column":4},"end":{"line":80,"column":null}}],"line":74},"8":{"loc":{"start":{"line":76,"column":4},"end":{"line":80,"column":null}},"type":"if","locations":[{"start":{"line":76,"column":4},"end":{"line":80,"column":null}},{"start":{},"end":{}}],"line":76},"9":{"loc":{"start":{"line":83,"column":4},"end":{"line":86,"column":null}},"type":"if","locations":[{"start":{"line":83,"column":4},"end":{"line":86,"column":null}},{"start":{},"end":{}}],"line":83},"10":{"loc":{"start":{"line":89,"column":4},"end":{"line":89,"column":null}},"type":"if","locations":[{"start":{"line":89,"column":4},"end":{"line":89,"column":null}},{"start":{},"end":{}}],"line":89},"11":{"loc":{"start":{"line":114,"column":12},"end":{"line":114,"column":231}},"type":"cond-expr","locations":[{"start":{"line":114,"column":34},"end":{"line":114,"column":229}},{"start":{"line":114,"column":229},"end":{"line":114,"column":231}}],"line":114},"12":{"loc":{"start":{"line":120,"column":4},"end":{"line":125,"column":null}},"type":"if","locations":[{"start":{"line":120,"column":4},"end":{"line":125,"column":null}},{"start":{},"end":{}}],"line":120},"13":{"loc":{"start":{"line":128,"column":4},"end":{"line":160,"column":null}},"type":"if","locations":[{"start":{"line":128,"column":4},"end":{"line":160,"column":null}},{"start":{},"end":{}}],"line":128},"14":{"loc":{"start":{"line":148,"column":8},"end":{"line":154,"column":null}},"type":"if","locations":[{"start":{"line":148,"column":8},"end":{"line":154,"column":null}},{"start":{},"end":{}}],"line":148},"15":{"loc":{"start":{"line":149,"column":10},"end":{"line":153,"column":null}},"type":"if","locations":[{"start":{"line":149,"column":10},"end":{"line":153,"column":null}},{"start":{"line":151,"column":17},"end":{"line":153,"column":null}}],"line":149},"16":{"loc":{"start":{"line":158,"column":8},"end":{"line":158,"column":null}},"type":"if","locations":[{"start":{"line":158,"column":8},"end":{"line":158,"column":null}},{"start":{},"end":{}}],"line":158},"17":{"loc":{"start":{"line":163,"column":4},"end":{"line":165,"column":null}},"type":"if","locations":[{"start":{"line":163,"column":4},"end":{"line":165,"column":null}},{"start":{},"end":{}}],"line":163},"18":{"loc":{"start":{"line":163,"column":8},"end":{"line":163,"column":55}},"type":"binary-expr","locations":[{"start":{"line":163,"column":8},"end":{"line":163,"column":32}},{"start":{"line":163,"column":32},"end":{"line":163,"column":55}}],"line":163},"19":{"loc":{"start":{"line":171,"column":49},"end":{"line":171,"column":68}},"type":"binary-expr","locations":[{"start":{"line":171,"column":49},"end":{"line":171,"column":63}},{"start":{"line":171,"column":63},"end":{"line":171,"column":68}}],"line":171},"20":{"loc":{"start":{"line":206,"column":6},"end":{"line":227,"column":null}},"type":"if","locations":[{"start":{"line":206,"column":6},"end":{"line":227,"column":null}},{"start":{},"end":{}}],"line":206},"21":{"loc":{"start":{"line":244,"column":4},"end":{"line":249,"column":null}},"type":"if","locations":[{"start":{"line":244,"column":4},"end":{"line":249,"column":null}},{"start":{},"end":{}}],"line":244},"22":{"loc":{"start":{"line":246,"column":21},"end":{"line":246,"column":null}},"type":"binary-expr","locations":[{"start":{"line":246,"column":21},"end":{"line":246,"column":59}},{"start":{"line":246,"column":59},"end":{"line":246,"column":null}}],"line":246},"23":{"loc":{"start":{"line":247,"column":19},"end":{"line":247,"column":null}},"type":"binary-expr","locations":[{"start":{"line":247,"column":19},"end":{"line":247,"column":55}},{"start":{"line":247,"column":55},"end":{"line":247,"column":null}}],"line":247}},"s":{"0":2,"1":11,"2":11,"3":11,"4":11,"5":11,"6":11,"7":11,"8":11,"9":11,"10":7,"11":7,"12":0,"13":0,"14":0,"15":0,"16":0,"17":0,"18":11,"19":11,"20":0,"21":11,"22":7,"23":7,"24":11,"25":11,"26":2,"27":9,"28":11,"29":11,"30":4,"31":7,"32":7,"33":11,"34":4,"35":4,"36":11,"37":11,"38":0,"39":11,"40":0,"41":0,"42":0,"43":11,"44":7,"45":11,"46":7,"47":7,"48":7,"49":7,"50":7,"51":0,"52":0,"53":0,"54":0,"55":0,"56":0,"57":0,"58":0,"59":7,"60":0,"61":0,"62":11,"63":11,"64":11,"65":11,"66":11,"67":18,"68":18,"69":18,"70":18,"71":11,"72":11,"73":0,"74":0,"75":0,"76":0,"77":0,"78":0,"79":0,"80":0,"81":0,"82":0,"83":11,"84":11,"85":18,"86":11,"87":0,"88":11,"89":11,"90":0,"91":0,"92":0,"93":0,"94":11,"95":0},"f":{"0":11,"1":7,"2":0,"3":0,"4":11,"5":0,"6":0,"7":0,"8":0,"9":0,"10":18,"11":0,"12":0,"13":0,"14":0,"15":18,"16":11,"17":0,"18":0},"b":{"0":[7,0],"1":[7,0],"2":[0,0],"3":[0,11],"4":[7,4],"5":[11,0],"6":[2,9],"7":[4,7],"8":[7,0],"9":[4,7],"10":[0,11],"11":[0,0],"12":[7,4],"13":[7,4],"14":[0,0],"15":[0,0],"16":[0,0],"17":[11,0],"18":[11,11],"19":[18,0],"20":[0,0],"21":[0,0],"22":[0,0],"23":[0,0]},"meta":{"lastBranch":24,"lastFunction":19,"lastStatement":96,"seen":{"s:17:40:290:Infinity":0,"f:17:40:17:41":0,"s:18:8:18:Infinity":1,"s:19:8:19:Infinity":2,"s:20:8:20:Infinity":3,"s:21:8:21:Infinity":4,"s:22:8:22:Infinity":5,"s:23:8:23:Infinity":6,"s:24:8:24:Infinity":7,"s:25:26:25:Infinity":8,"s:29:2:41:Infinity":9,"f:29:12:29:18":1,"b:30:4:30:Infinity:undefined:undefined:undefined:undefined":0,"s:30:4:30:Infinity":10,"b:30:8:30:27:30:27:30:53":1,"s:30:53:30:Infinity":11,"s:32:27:36:Infinity":12,"f:32:46:32:52":2,"b:33:6:35:Infinity:undefined:undefined:undefined:undefined":2,"s:33:6:35:Infinity":13,"s:34:8:34:Infinity":14,"s:38:4:38:Infinity":15,"s:40:4:40:Infinity":16,"f:40:11:40:17":3,"s:40:17:40:Infinity":17,"s:43:2:241:Infinity":18,"f:43:12:43:18":4,"b:44:4:44:Infinity:undefined:undefined:undefined:undefined":3,"s:44:4:44:Infinity":19,"s:44:34:44:Infinity":20,"b:47:4:58:Infinity:undefined:undefined:undefined:undefined":4,"s:47:4:58:Infinity":21,"s:49:6:49:Infinity":22,"s:54:6:57:Infinity":23,"b:61:4:67:Infinity:undefined:undefined:undefined:undefined":5,"s:61:4:67:Infinity":24,"b:62:6:66:Infinity:64:13:66:Infinity":6,"s:62:6:66:Infinity":25,"s:63:8:63:Infinity":26,"s:65:8:65:Infinity":27,"s:72:20:72:Infinity":28,"b:74:4:80:Infinity:76:4:80:Infinity":7,"s:74:4:80:Infinity":29,"s:75:6:75:Infinity":30,"b:76:4:80:Infinity:undefined:undefined:undefined:undefined":8,"s:76:4:80:Infinity":31,"s:77:6:79:Infinity":32,"b:83:4:86:Infinity:undefined:undefined:undefined:undefined":9,"s:83:4:86:Infinity":33,"s:84:6:84:Infinity":34,"s:85:6:85:Infinity":35,"s:87:4:87:Infinity":36,"b:89:4:89:Infinity:undefined:undefined:undefined:undefined":10,"s:89:4:89:Infinity":37,"s:89:27:89:Infinity":38,"s:92:33:117:Infinity":39,"f:92:33:92:34":5,"s:93:22:106:Infinity":40,"f:93:47:93:Infinity":6,"s:94:8:98:Infinity":41,"s:108:6:114:Infinity":42,"b:114:34:114:229:114:229:114:231":11,"b:120:4:125:Infinity:undefined:undefined:undefined:undefined":12,"s:120:4:125:Infinity":43,"s:121:6:124:Infinity":44,"b:128:4:160:Infinity:undefined:undefined:undefined:undefined":13,"s:128:4:160:Infinity":45,"s:129:6:129:Infinity":46,"s:130:6:130:Infinity":47,"s:132:6:140:Infinity":48,"s:141:6:141:Infinity":49,"s:143:6:155:Infinity":50,"f:143:40:143:41":7,"s:144:22:144:Infinity":51,"s:145:8:145:Infinity":52,"s:146:8:146:Infinity":53,"b:148:8:154:Infinity:undefined:undefined:undefined:undefined":14,"s:148:8:154:Infinity":54,"b:149:10:153:Infinity:151:17:153:Infinity":15,"s:149:10:153:Infinity":55,"s:150:12:150:Infinity":56,"s:152:12:152:Infinity":57,"f:152:88:152:89":8,"s:152:101:152:128":58,"s:157:6:159:Infinity":59,"f:157:40:157:46":9,"b:158:8:158:Infinity:undefined:undefined:undefined:undefined":16,"s:158:8:158:Infinity":60,"s:158:29:158:Infinity":61,"b:163:4:165:Infinity:undefined:undefined:undefined:undefined":17,"s:163:4:165:Infinity":62,"b:163:8:163:32:163:32:163:55":18,"s:164:6:164:Infinity":63,"s:167:4:167:Infinity":64,"s:169:30:169:Infinity":65,"s:170:4:185:Infinity":66,"f:170:17:170:22":10,"s:171:6:171:Infinity":67,"b:171:49:171:63:171:63:171:68":19,"s:173:21:175:Infinity":68,"s:177:6:183:Infinity":69,"s:184:6:184:Infinity":70,"s:188:4:194:Infinity":71,"s:197:4:228:Infinity":72,"f:197:31:197:32":11,"s:198:26:198:Infinity":73,"s:201:28:204:Infinity":74,"f:201:40:201:45":12,"s:202:21:202:Infinity":75,"s:203:8:203:Infinity":76,"b:206:6:227:Infinity:undefined:undefined:undefined:undefined":20,"s:206:6:227:Infinity":77,"s:209:30:209:Infinity":78,"f:209:63:209:68":13,"s:209:68:209:93":79,"s:210:8:214:Infinity":80,"s:217:8:226:Infinity":81,"f:217:39:217:45":14,"s:218:10:225:Infinity":82,"s:231:4:236:Infinity":83,"s:232:21:232:Infinity":84,"f:232:45:232:50":15,"s:232:50:232:75":85,"s:233:6:233:Infinity":86,"s:235:6:235:Infinity":87,"s:238:4:240:Infinity":88,"f:238:11:238:17":16,"s:243:25:250:Infinity":89,"f:243:25:243:31":17,"b:244:4:249:Infinity:undefined:undefined:undefined:undefined":21,"s:244:4:249:Infinity":90,"s:246:21:246:Infinity":91,"b:246:21:246:59:246:59:246:Infinity":22,"s:247:19:247:Infinity":92,"b:247:19:247:55:247:55:247:Infinity":23,"s:248:6:248:Infinity":93,"s:252:2:288:Infinity":94,"f:276:20:276:21":18,"s:276:27:276:Infinity":95}}}
,"/Users/admin/Downloads/yorkshire-&-humber-seizure-lens-2/TopTenChart.tsx": {"path":"/Users/admin/Downloads/yorkshire-&-humber-seizure-lens-2/TopTenChart.tsx","statementMap":{"0":{"start":{"line":12,"column":48},"end":{"line":113,"column":null}},"1":{"start":{"line":13,"column":8},"end":{"line":24,"column":null}},"2":{"start":{"line":14,"column":43},"end":{"line":14,"column":null}},"3":{"start":{"line":15,"column":4},"end":{"line":18,"column":null}},"4":{"start":{"line":16,"column":18},"end":{"line":16,"column":null}},"5":{"start":{"line":17,"column":6},"end":{"line":17,"column":null}},"6":{"start":{"line":20,"column":4},"end":{"line":23,"column":null}},"7":{"start":{"line":21,"column":31},"end":{"line":21,"column":47}},"8":{"start":{"line":22,"column":22},"end":{"line":22,"column":39}},"9":{"start":{"line":26,"column":8},"end":{"line":26,"column":null}},"10":{"start":{"line":26,"column":35},"end":{"line":26,"column":48}},"11":{"start":{"line":29,"column":17},"end":{"line":29,"column":null}},"12":{"start":{"line":31,"column":24},"end":{"line":48,"column":null}},"13":{"start":{"line":32,"column":4},"end":{"line":46,"column":null}},"14":{"start":{"line":33,"column":18},"end":{"line":33,"column":null}},"15":{"start":{"line":34,"column":12},"end":{"line":34,"column":null}},"16":{"start":{"line":35,"column":6},"end":{"line":44,"column":null}},"17":{"start":{"line":47,"column":4},"end":{"line":47,"column":null}},"18":{"start":{"line":50,"column":19},"end":{"line":54,"column":null}},"19":{"start":{"line":56,"column":2},"end":{"line":59,"column":null}},"20":{"start":{"line":56,"column":30},"end":{"line":59,"column":null}},"21":{"start":{"line":62,"column":2},"end":{"line":111,"column":null}},"22":{"start":{"line":87,"column":18},"end":{"line":87,"column":null}},"23":{"start":{"line":104,"column":18},"end":{"line":104,"column":null}}},"fnMap":{"0":{"name":"(anonymous_0)","decl":{"start":{"line":12,"column":48},"end":{"line":12,"column":49}},"loc":{"start":{"line":12,"column":91},"end":{"line":113,"column":null}},"line":12},"1":{"name":"(anonymous_1)","decl":{"start":{"line":13,"column":28},"end":{"line":13,"column":34}},"loc":{"start":{"line":13,"column":34},"end":{"line":24,"column":5}},"line":13},"2":{"name":"(anonymous_2)","decl":{"start":{"line":15,"column":17},"end":{"line":15,"column":22}},"loc":{"start":{"line":15,"column":22},"end":{"line":18,"column":5}},"line":15},"3":{"name":"(anonymous_3)","decl":{"start":{"line":21,"column":11},"end":{"line":21,"column":12}},"loc":{"start":{"line":21,"column":31},"end":{"line":21,"column":47}},"line":21},"4":{"name":"(anonymous_4)","decl":{"start":{"line":22,"column":12},"end":{"line":22,"column":13}},"loc":{"start":{"line":22,"column":22},"end":{"line":22,"column":39}},"line":22},"5":{"name":"(anonymous_5)","decl":{"start":{"line":26,"column":29},"end":{"line":26,"column":35}},"loc":{"start":{"line":26,"column":35},"end":{"line":26,"column":48}},"line":26},"6":{"name":"(anonymous_6)","decl":{"start":{"line":31,"column":24},"end":{"line":31,"column":25}},"loc":{"start":{"line":31,"column":54},"end":{"line":48,"column":null}},"line":31},"7":{"name":"(anonymous_7)","decl":{"start":{"line":86,"column":31},"end":{"line":86,"column":32}},"loc":{"start":{"line":87,"column":18},"end":{"line":87,"column":null}},"line":87},"8":{"name":"(anonymous_8)","decl":{"start":{"line":103,"column":31},"end":{"line":103,"column":32}},"loc":{"start":{"line":104,"column":18},"end":{"line":104,"column":null}},"line":104}},"branchMap":{"0":{"loc":{"start":{"line":16,"column":18},"end":{"line":16,"column":null}},"type":"binary-expr","locations":[{"start":{"line":16,"column":18},"end":{"line":16,"column":29}},{"start":{"line":16,"column":29},"end":{"line":16,"column":null}}],"line":16},"1":{"loc":{"start":{"line":17,"column":21},"end":{"line":17,"column":41}},"type":"binary-expr","locations":[{"start":{"line":17,"column":21},"end":{"line":17,"column":36}},{"start":{"line":17,"column":36},"end":{"line":17,"column":41}}],"line":17},"2":{"loc":{"start":{"line":32,"column":4},"end":{"line":46,"column":null}},"type":"if","locations":[{"start":{"line":32,"column":4},"end":{"line":46,"column":null}},{"start":{},"end":{}}],"line":32},"3":{"loc":{"start":{"line":32,"column":8},"end":{"line":32,"column":45}},"type":"binary-expr","locations":[{"start":{"line":32,"column":8},"end":{"line":32,"column":18}},{"start":{"line":32,"column":18},"end":{"line":32,"column":29}},{"start":{"line":32,"column":29},"end":{"line":32,"column":45}}],"line":32},"4":{"loc":{"start":{"line":56,"column":2},"end":{"line":59,"column":null}},"type":"if","locations":[{"start":{"line":56,"column":2},"end":{"line":59,"column":null}},{"start":{},"end":{}}],"line":56},"5":{"loc":{"start":{"line":71,"column":11},"end":{"line":107,"column":null}},"type":"cond-expr","locations":[{"start":{"line":72,"column":12},"end":{"line":90,"column":null}},{"start":{"line":92,"column":12},"end":{"line":107,"column":null}}],"line":71},"6":{"loc":{"start":{"line":80,"column":30},"end":{"line":80,"column":65}},"type":"cond-expr","locations":[{"start":{"line":80,"column":43},"end":{"line":80,"column":55}},{"start":{"line":80,"column":55},"end":{"line":80,"column":65}}],"line":80}},"s":{"0":2,"1":19,"2":13,"3":13,"4":18,"5":18,"6":13,"7":15,"8":3,"9":19,"10":13,"11":19,"12":19,"13":31,"14":0,"15":0,"16":0,"17":31,"18":19,"19":19,"20":1,"21":18,"22":19,"23":2},"f":{"0":19,"1":13,"2":18,"3":15,"4":3,"5":13,"6":31,"7":19,"8":2},"b":{"0":[18,0],"1":[18,15],"2":[0,31],"3":[31,0,0],"4":[1,18],"5":[17,1],"6":[3,14]},"meta":{"lastBranch":7,"lastFunction":9,"lastStatement":24,"seen":{"s:12:48:113:Infinity":0,"f:12:48:12:49":0,"s:13:8:24:Infinity":1,"f:13:28:13:34":1,"s:14:43:14:Infinity":2,"s:15:4:18:Infinity":3,"f:15:17:15:22":2,"s:16:18:16:Infinity":4,"b:16:18:16:29:16:29:16:Infinity":0,"s:17:6:17:Infinity":5,"b:17:21:17:36:17:36:17:41":1,"s:20:4:23:Infinity":6,"f:21:11:21:12":3,"s:21:31:21:47":7,"f:22:12:22:13":4,"s:22:22:22:39":8,"s:26:8:26:Infinity":9,"f:26:29:26:35":5,"s:26:35:26:48":10,"s:29:17:29:Infinity":11,"s:31:24:48:Infinity":12,"f:31:24:31:25":6,"b:32:4:46:Infinity:undefined:undefined:undefined:undefined":2,"s:32:4:46:Infinity":13,"b:32:8:32:18:32:18:32:29:32:29:32:45":3,"s:33:18:33:Infinity":14,"s:34:12:34:Infinity":15,"s:35:6:44:Infinity":16,"s:47:4:47:Infinity":17,"s:50:19:54:Infinity":18,"b:56:2:59:Infinity:undefined:undefined:undefined:undefined":4,"s:56:2:59:Infinity":19,"s:56:30:59:Infinity":20,"s:62:2:111:Infinity":21,"b:72:12:90:Infinity:92:12:107:Infinity":5,"b:80:43:80:55:80:55:80:65":6,"f:86:31:86:32":7,"s:87:18:87:Infinity":22,"f:103:31:103:32":8,"s:104:18:104:Infinity":23}}}
,"/Users/admin/Downloads/yorkshire-&-humber-seizure-lens-2/constants.tsx": {"path":"/Users/admin/Downloads/yorkshire-&-humber-seizure-lens-2/constants.tsx","statementMap":{"0":{"start":{"line":5,"column":79},"end":{"line":16,"column":null}},"1":{"start":{"line":18,"column":26},"end":{"line":27,"column":null}},"2":{"start":{"line":29,"column":22},"end":{"line":44,"column":null}}},"fnMap":{},"branchMap":{},"s":{"0":2,"1":2,"2":2},"f":{},"b":{},"meta":{"lastBranch":0,"lastFunction":0,"lastStatement":3,"seen":{"s:5:79:16:Infinity":0,"s:18:26:27:Infinity":1,"s:29:22:44:Infinity":2}}}
,"/Users/admin/Downloads/yorkshire-&-humber-seizure-lens-2/index.tsx": {"path":"/Users/admin/Downloads/yorkshire-&-humber-seizure-lens-2/index.tsx","statementMap":{"0":{"start":{"line":7,"column":20},"end":{"line":7,"column":null}},"1":{"start":{"line":8,"column":0},"end":{"line":10,"column":null}},"2":{"start":{"line":9,"column":2},"end":{"line":9,"column":null}},"3":{"start":{"line":12,"column":13},"end":{"line":12,"column":null}},"4":{"start":{"line":13,"column":0},"end":{"line":17,"column":null}}},"fnMap":{},"branchMap":{"0":{"loc":{"start":{"line":8,"column":0},"end":{"line":10,"column":null}},"type":"if","locations":[{"start":{"line":8,"column":0},"end":{"line":10,"column":null}},{"start":{},"end":{}}],"line":8}},"s":{"0":0,"1":0,"2":0,"3":0,"4":0},"f":{},"b":{"0":[0,0]},"meta":{"lastBranch":1,"lastFunction":0,"lastStatement":5,"seen":{"s:7:20:7:Infinity":0,"b:8:0:10:Infinity:undefined:undefined:undefined:undefined":0,"s:8:0:10:Infinity":1,"s:9:2:9:Infinity":2,"s:12:13:12:Infinity":3,"s:13:0:17:Infinity":4}}}
,"/Users/admin/Downloads/yorkshire-&-humber-seizure-lens-2/types.ts": {"path":"/Users/admin/Downloads/yorkshire-&-humber-seizure-lens-2/types.ts","statementMap":{"0":{"start":{"line":46,"column":7},"end":{"line":46,"column":null}},"1":{"start":{"line":47,"column":2},"end":{"line":47,"column":null}},"2":{"start":{"line":48,"column":2},"end":{"line":48,"column":null}},"3":{"start":{"line":49,"column":2},"end":{"line":49,"column":null}},"4":{"start":{"line":50,"column":2},"end":{"line":50,"column":null}},"5":{"start":{"line":51,"column":2},"end":{"line":51,"column":null}},"6":{"start":{"line":46,"column":12},"end":{"line":46,"column":null}}},"fnMap":{"0":{"name":"(anonymous_0)","decl":{"start":{"line":46,"column":7},"end":{"line":46,"column":12}},"loc":{"start":{"line":46,"column":7},"end":{"line":46,"column":null}},"line":46}},"branchMap":{"0":{"loc":{"start":{"line":46,"column":12},"end":{"line":46,"column":null}},"type":"binary-expr","locations":[{"start":{"line":46,"column":12},"end":{"line":46,"column":null}},{"start":{"line":46,"column":12},"end":{"line":46,"column":null}}],"line":46}},"s":{"0":0,"1":0,"2":0,"3":0,"4":0,"5":0,"6":0},"f":{"0":0},"b":{"0":[0,0]},"meta":{"lastBranch":1,"lastFunction":1,"lastStatement":7,"seen":{"s:46:7:46:Infinity":0,"f:46:7:46:12":0,"s:47:2:47:Infinity":1,"s:48:2:48:Infinity":2,"s:49:2:49:Infinity":3,"s:50:2:50:Infinity":4,"s:51:2:51:Infinity":5,"s:46:12:46:Infinity":6,"b:46:12:46:Infinity:46:12:46:Infinity":0}}}
,"/Users/admin/Downloads/yorkshire-&-humber-seizure-lens-2/components/FileUploader.tsx": {"path":"/Users/admin/Downloads/yorkshire-&-humber-seizure-lens-2/components/FileUploader.tsx","statementMap":{"0":{"start":{"line":12,"column":50},"end":{"line":118,"column":null}},"1":{"start":{"line":13,"column":8},"end":{"line":81,"column":null}},"2":{"start":{"line":14,"column":17},"end":{"line":14,"column":null}},"3":{"start":{"line":15,"column":4},"end":{"line":15,"column":null}},"4":{"start":{"line":15,"column":15},"end":{"line":15,"column":null}},"5":{"start":{"line":17,"column":26},"end":{"line":17,"column":null}},"6":{"start":{"line":19,"column":4},"end":{"line":80,"column":null}},"7":{"start":{"line":20,"column":6},"end":{"line":30,"column":null}},"8":{"start":{"line":24,"column":10},"end":{"line":24,"column":null}},"9":{"start":{"line":27,"column":10},"end":{"line":27,"column":null}},"10":{"start":{"line":28,"column":10},"end":{"line":28,"column":null}},"11":{"start":{"line":31,"column":4},"end":{"line":80,"column":null}},"12":{"start":{"line":32,"column":6},"end":{"line":77,"column":null}},"13":{"start":{"line":33,"column":23},"end":{"line":33,"column":null}},"14":{"start":{"line":34,"column":8},"end":{"line":73,"column":null}},"15":{"start":{"line":35,"column":10},"end":{"line":72,"column":null}},"16":{"start":{"line":36,"column":27},"end":{"line":36,"column":null}},"17":{"start":{"line":37,"column":29},"end":{"line":37,"column":null}},"18":{"start":{"line":38,"column":12},"end":{"line":38,"column":null}},"19":{"start":{"line":39,"column":30},"end":{"line":39,"column":null}},"20":{"start":{"line":40,"column":12},"end":{"line":40,"column":null}},"21":{"start":{"line":40,"column":28},"end":{"line":40,"column":null}},"22":{"start":{"line":42,"column":32},"end":{"line":42,"column":null}},"23":{"start":{"line":43,"column":38},"end":{"line":43,"column":null}},"24":{"start":{"line":45,"column":12},"end":{"line":67,"column":null}},"25":{"start":{"line":46,"column":14},"end":{"line":66,"column":null}},"26":{"start":{"line":48,"column":16},"end":{"line":50,"column":null}},"27":{"start":{"line":49,"column":18},"end":{"line":49,"column":null}},"28":{"start":{"line":53,"column":37},"end":{"line":53,"column":null}},"29":{"start":{"line":54,"column":16},"end":{"line":64,"column":null}},"30":{"start":{"line":55,"column":33},"end":{"line":55,"column":null}},"31":{"start":{"line":56,"column":18},"end":{"line":63,"column":null}},"32":{"start":{"line":58,"column":32},"end":{"line":58,"column":null}},"33":{"start":{"line":59,"column":20},"end":{"line":61,"column":null}},"34":{"start":{"line":60,"column":22},"end":{"line":60,"column":null}},"35":{"start":{"line":62,"column":20},"end":{"line":62,"column":null}},"36":{"start":{"line":65,"column":16},"end":{"line":65,"column":null}},"37":{"start":{"line":68,"column":12},"end":{"line":68,"column":null}},"38":{"start":{"line":70,"column":12},"end":{"line":70,"column":null}},"39":{"start":{"line":71,"column":12},"end":{"line":71,"column":null}},"40":{"start":{"line":74,"column":8},"end":{"line":74,"column":null}},"41":{"start":{"line":76,"column":8},"end":{"line":76,"column":null}},"42":{"start":{"line":79,"column":6},"end":{"line":79,"column":null}},"43":{"start":{"line":83,"column":2},"end":{"line":116,"column":null}},"44":{"start":{"line":110,"column":25},"end":{"line":110,"column":null}}},"fnMap":{"0":{"name":"(anonymous_0)","decl":{"start":{"line":12,"column":50},"end":{"line":12,"column":51}},"loc":{"start":{"line":12,"column":83},"end":{"line":118,"column":null}},"line":12},"1":{"name":"(anonymous_1)","decl":{"start":{"line":13,"column":39},"end":{"line":13,"column":46}},"loc":{"start":{"line":13,"column":89},"end":{"line":81,"column":5}},"line":13},"2":{"name":"(anonymous_2)","decl":{"start":{"line":23,"column":18},"end":{"line":23,"column":19}},"loc":{"start":{"line":23,"column":31},"end":{"line":25,"column":null}},"line":23},"3":{"name":"(anonymous_3)","decl":{"start":{"line":26,"column":15},"end":{"line":26,"column":16}},"loc":{"start":{"line":26,"column":26},"end":{"line":29,"column":null}},"line":26},"4":{"name":"(anonymous_4)","decl":{"start":{"line":34,"column":24},"end":{"line":34,"column":31}},"loc":{"start":{"line":34,"column":41},"end":{"line":73,"column":null}},"line":34},"5":{"name":"(anonymous_5)","decl":{"start":{"line":45,"column":30},"end":{"line":45,"column":31}},"loc":{"start":{"line":45,"column":50},"end":{"line":67,"column":13}},"line":45},"6":{"name":"(anonymous_6)","decl":{"start":{"line":48,"column":29},"end":{"line":48,"column":30}},"loc":{"start":{"line":48,"column":39},"end":{"line":50,"column":17}},"line":48},"7":{"name":"(anonymous_7)","decl":{"start":{"line":54,"column":29},"end":{"line":54,"column":30}},"loc":{"start":{"line":54,"column":50},"end":{"line":64,"column":17}},"line":54},"8":{"name":"(anonymous_8)","decl":{"start":{"line":110,"column":19},"end":{"line":110,"column":25}},"loc":{"start":{"line":110,"column":25},"end":{"line":110,"column":null}},"line":110}},"branchMap":{"0":{"loc":{"start":{"line":15,"column":4},"end":{"line":15,"column":null}},"type":"if","locations":[{"start":{"line":15,"column":4},"end":{"line":15,"column":null}},{"start":{},"end":{}}],"line":15},"1":{"loc":{"start":{"line":19,"column":4},"end":{"line":80,"column":null}},"type":"if","locations":[{"start":{"line":19,"column":4},"end":{"line":80,"column":null}},{"start":{"line":31,"column":4},"end":{"line":80,"column":null}}],"line":19},"2":{"loc":{"start":{"line":31,"column":4},"end":{"line":80,"column":null}},"type":"if","locations":[{"start":{"line":31,"column":4},"end":{"line":80,"column":null}},{"start":{"line":78,"column":11},"end":{"line":80,"column":null}}],"line":31},"3":{"loc":{"start":{"line":40,"column":12},"end":{"line":40,"column":null}},"type":"if","locations":[{"start":{"line":40,"column":12},"end":{"line":40,"column":null}},{"start":{},"end":{}}],"line":40},"4":{"loc":{"start":{"line":46,"column":14},"end":{"line":66,"column":null}},"type":"if","locations":[{"start":{"line":46,"column":14},"end":{"line":66,"column":null}},{"start":{"line":51,"column":21},"end":{"line":66,"column":null}}],"line":46},"5":{"loc":{"start":{"line":56,"column":18},"end":{"line":63,"column":null}},"type":"if","locations":[{"start":{"line":56,"column":18},"end":{"line":63,"column":null}},{"start":{},"end":{}}],"line":56},"6":{"loc":{"start":{"line":59,"column":20},"end":{"line":61,"column":null}},"type":"if","locations":[{"start":{"line":59,"column":20},"end":{"line":61,"column":null}},{"start":{},"end":{}}],"line":59},"7":{"loc":{"start":{"line":59,"column":24},"end":{"line":59,"column":81}},"type":"binary-expr","locations":[{"start":{"line":59,"column":24},"end":{"line":59,"column":33}},{"start":{"line":59,"column":33},"end":{"line":59,"column":62}},{"start":{"line":59,"column":62},"end":{"line":59,"column":81}}],"line":59},"8":{"loc":{"start":{"line":95,"column":9},"end":{"line":95,"column":null}},"type":"cond-expr","locations":[{"start":{"line":95,"column":21},"end":{"line":95,"column":39}},{"start":{"line":95,"column":39},"end":{"line":95,"column":null}}],"line":95}},"s":{"0":2,"1":12,"2":1,"3":1,"4":0,"5":1,"6":1,"7":1,"8":0,"9":0,"10":0,"11":0,"12":0,"13":0,"14":0,"15":0,"16":0,"17":0,"18":0,"19":0,"20":0,"21":0,"22":0,"23":0,"24":0,"25":0,"26":0,"27":0,"28":0,"29":0,"30":0,"31":0,"32":0,"33":0,"34":0,"35":0,"36":0,"37":0,"38":0,"39":0,"40":0,"41":0,"42":0,"43":12,"44":4},"f":{"0":12,"1":1,"2":0,"3":0,"4":0,"5":0,"6":0,"7":0,"8":4},"b":{"0":[0,1],"1":[1,0],"2":[0,0],"3":[0,0],"4":[0,0],"5":[0,0],"6":[0,0],"7":[0,0,0],"8":[4,8]},"meta":{"lastBranch":9,"lastFunction":9,"lastStatement":45,"seen":{"s:12:50:118:Infinity":0,"f:12:50:12:51":0,"s:13:8:81:Infinity":1,"f:13:39:13:46":1,"s:14:17:14:Infinity":2,"b:15:4:15:Infinity:undefined:undefined:undefined:undefined":0,"s:15:4:15:Infinity":3,"s:15:15:15:Infinity":4,"s:17:26:17:Infinity":5,"b:19:4:80:Infinity:31:4:80:Infinity":1,"s:19:4:80:Infinity":6,"s:20:6:30:Infinity":7,"f:23:18:23:19":2,"s:24:10:24:Infinity":8,"f:26:15:26:16":3,"s:27:10:27:Infinity":9,"s:28:10:28:Infinity":10,"b:31:4:80:Infinity:78:11:80:Infinity":2,"s:31:4:80:Infinity":11,"s:32:6:77:Infinity":12,"s:33:23:33:Infinity":13,"s:34:8:73:Infinity":14,"f:34:24:34:31":4,"s:35:10:72:Infinity":15,"s:36:27:36:Infinity":16,"s:37:29:37:Infinity":17,"s:38:12:38:Infinity":18,"s:39:30:39:Infinity":19,"b:40:12:40:Infinity:undefined:undefined:undefined:undefined":3,"s:40:12:40:Infinity":20,"s:40:28:40:Infinity":21,"s:42:32:42:Infinity":22,"s:43:38:43:Infinity":23,"s:45:12:67:Infinity":24,"f:45:30:45:31":5,"b:46:14:66:Infinity:51:21:66:Infinity":4,"s:46:14:66:Infinity":25,"s:48:16:50:Infinity":26,"f:48:29:48:30":6,"s:49:18:49:Infinity":27,"s:53:37:53:Infinity":28,"s:54:16:64:Infinity":29,"f:54:29:54:30":7,"s:55:33:55:Infinity":30,"b:56:18:63:Infinity:undefined:undefined:undefined:undefined":5,"s:56:18:63:Infinity":31,"s:58:32:58:Infinity":32,"b:59:20:61:Infinity:undefined:undefined:undefined:undefined":6,"s:59:20:61:Infinity":33,"b:59:24:59:33:59:33:59:62:59:62:59:81":7,"s:60:22:60:Infinity":34,"s:62:20:62:Infinity":35,"s:65:16:65:Infinity":36,"s:68:12:68:Infinity":37,"s:70:12:70:Infinity":38,"s:71:12:71:Infinity":39,"s:74:8:74:Infinity":40,"s:76:8:76:Infinity":41,"s:79:6:79:Infinity":42,"s:83:2:116:Infin
[...]
"line":113,"column":8},"end":{"line":120,"column":null}},"59":{"start":{"line":115,"column":11},"end":{"line":119,"column":null}},"60":{"start":{"line":116,"column":13},"end":{"line":116,"column":null}},"61":{"start":{"line":118,"column":13},"end":{"line":118,"column":null}},"62":{"start":{"line":123,"column":20},"end":{"line":123,"column":73}},"63":{"start":{"line":125,"column":4},"end":{"line":125,"column":null}},"64":{"start":{"line":129,"column":2},"end":{"line":129,"column":null}},"65":{"start":{"line":132,"column":2},"end":{"line":172,"column":null}},"66":{"start":{"line":133,"column":14},"end":{"line":133,"column":null}},"67":{"start":{"line":134,"column":14},"end":{"line":134,"column":null}},"68":{"start":{"line":136,"column":4},"end":{"line":153,"column":null}},"69":{"start":{"line":137,"column":21},"end":{"line":137,"column":null}},"70":{"start":{"line":138,"column":7},"end":{"line":152,"column":null}},"71":{"start":{"line":140,"column":9},"end":{"line":140,"column":null}},"72":{"start":{"line":141,"column":9},"end":{"line":141,"column":null}},"73":{"start":{"line":144,"column":25},"end":{"line":144,"column":null}},"74":{"start":{"line":145,"column":24},"end":{"line":145,"column":null}},"75":{"start":{"line":146,"column":32},"end":{"line":146,"column":null}},"76":{"start":{"line":147,"column":9},"end":{"line":151,"column":null}},"77":{"start":{"line":149,"column":11},"end":{"line":149,"column":null}},"78":{"start":{"line":150,"column":11},"end":{"line":150,"column":null}},"79":{"start":{"line":155,"column":4},"end":{"line":155,"column":null}},"80":{"start":{"line":155,"column":32},"end":{"line":155,"column":null}},"81":{"start":{"line":157,"column":4},"end":{"line":171,"column":null}},"82":{"start":{"line":174,"column":2},"end":{"line":184,"column":null}},"83":{"start":{"line":187,"column":27},"end":{"line":205,"column":null}},"84":{"start":{"line":188,"column":2},"end":{"line":188,"column":null}},"85":{"start":{"line":188,"column":25},"end":{"line":188,"column":null}},"86":{"start":{"line":190,"column":18},"end":{"line":190,"column":null}},"87":{"start":{"line":190,"column":51},"end":{"line":190,"column":95}},"88":{"start":{"line":191,"column":18},"end":{"line":194,"column":null}},"89":{"start":{"line":193,"column":23},"end":{"line":193,"column":89}},"90":{"start":{"line":193,"column":45},"end":{"line":193,"column":78}},"91":{"start":{"line":196,"column":15},"end":{"line":196,"column":null}},"92":{"start":{"line":197,"column":14},"end":{"line":197,"column":null}},"93":{"start":{"line":198,"column":12},"end":{"line":198,"column":null}},"94":{"start":{"line":199,"column":2},"end":{"line":199,"column":null}},"95":{"start":{"line":200,"column":2},"end":{"line":200,"column":null}},"96":{"start":{"line":201,"column":2},"end":{"line":201,"column":null}},"97":{"start":{"line":202,"column":2},"end":{"line":202,"column":null}},"98":{"start":{"line":203,"column":2},"end":{"line":203,"column":null}},"99":{"start":{"line":204,"column":2},"end":{"line":204,"column":null}}},"fnMap":{"0":{"name":"(anonymous_0)","decl":{"start":{"line":9,"column":32},"end":{"line":9,"column":33}},"loc":{"start":{"line":9,"column":58},"end":{"line":49,"column":null}},"line":9},"1":{"name":"(anonymous_1)","decl":{"start":{"line":52,"column":28},"end":{"line":52,"column":35}},"loc":{"start":{"line":52,"column":118},"end":{"line":185,"column":null}},"line":52},"2":{"name":"(anonymous_2)","decl":{"start":{"line":59,"column":23},"end":{"line":59,"column":24}},"loc":{"start":{"line":59,"column":42},"end":{"line":61,"column":null}},"line":59},"3":{"name":"(anonymous_3)","decl":{"start":{"line":66,"column":27},"end":{"line":66,"column":28}},"loc":{"start":{"line":66,"column":43},"end":{"line":91,"column":3}},"line":66},"4":{"name":"(anonymous_4)","decl":{"start":{"line":110,"column":10},"end":{"line":110,"column":17}},"loc":{"start":{"line":110,"column":30},"end":{"line":122,"column":5}},"line":110},"5":{"name":"(anonymous_5)","decl":{"start":{"line":113,"column":30},"end":{"line":113,"column":31}},"loc":{"start":{"line":113,"column":44},"end":{"line":120,"column":9}},"line":113},"6":{"name":"(anonymous_6)","decl":{"start":{"line":123,"column":11},"end":{"line":123,"column":12}},"loc":{"start":{"line":123,"column":20},"end":{"line":123,"column":73}},"line":123},"7":{"name":"(anonymous_7)","decl":{"start":{"line":132,"column":18},"end":{"line":132,"column":28}},"loc":{"start":{"line":132,"column":28},"end":{"line":172,"column":3}},"line":132},"8":{"name":"(anonymous_8)","decl":{"start":{"line":187,"column":27},"end":{"line":187,"column":28}},"loc":{"start":{"line":187,"column":54},"end":{"line":205,"column":null}},"line":187},"9":{"name":"(anonymous_9)","decl":{"start":{"line":190,"column":46},"end":{"line":190,"column":51}},"loc":{"start":{"line":190,"column":51},"end":{"line":190,"column":95}},"line":190},"10":{"name":"(anonymous_10)","decl":{"start":{"line":193,"column":16},"end":{"line":193,"column":23}},"loc":{"start":{"line":193,"column":23},"end":{"line":193,"column":89}},"line":193},"11":{"name":"(anonymous_11)","decl":{"start":{"line":193,"column":35},"end":{"line":193,"column":45}},"loc":{"start":{"line":193,"column":45},"end":{"line":193,"column":78}},"line":193}},"branchMap":{"0":{"loc":{"start":{"line":35,"column":19},"end":{"line":35,"column":null}},"type":"binary-expr","locations":[{"start":{"line":35,"column":19},"end":{"line":35,"column":108}},{"start":{"line":35,"column":108},"end":{"line":35,"column":null}}],"line":35},"1":{"loc":{"start":{"line":60,"column":28},"end":{"line":60,"column":57}},"type":"binary-expr","locations":[{"start":{"line":60,"column":28},"end":{"line":60,"column":52}},{"start":{"line":60,"column":52},"end":{"line":60,"column":57}}],"line":60},"2":{"loc":{"start":{"line":68,"column":20},"end":{"line":68,"column":null}},"type":"binary-expr","locations":[{"start":{"line":68,"column":20},"end":{"line":68,"column":32}},{"start":{"line":68,"column":32},"end":{"line":68,"column":44}},{"start":{"line":68,"column":44},"end":{"line":68,"column":null}}],"line":68},"3":{"loc":{"start":{"line":69,"column":20},"end":{"line":69,"column":null}},"type":"binary-expr","locations":[{"start":{"line":69,"column":20},"end":{"line":69,"column":32}},{"start":{"line":69,"column":32},"end":{"line":69,"column":44}},{"start":{"line":69,"column":44},"end":{"line":69,"column":null}}],"line":69},"4":{"loc":{"start":{"line":70,"column":24},"end":{"line":70,"column":null}},"type":"binary-expr","locations":[{"start":{"line":70,"column":24},"end":{"line":70,"column":40}},{"start":{"line":70,"column":40},"end":{"line":70,"column":56}},{"start":{"line":70,"column":56},"end":{"line":70,"column":null}}],"line":70},"5":{"loc":{"start":{"line":71,"column":24},"end":{"line":71,"column":null}},"type":"binary-expr","locations":[{"start":{"line":71,"column":24},"end":{"line":71,"column":40}},{"start":{"line":71,"column":40},"end":{"line":71,"column":56}},{"start":{"line":71,"column":56},"end":{"line":71,"column":null}}],"line":71},"6":{"loc":{"start":{"line":72,"column":27},"end":{"line":72,"column":null}},"type":"binary-expr","locations":[{"start":{"line":72,"column":27},"end":{"line":72,"column":46}},{"start":{"line":72,"column":46},"end":{"line":72,"column":69}},{"start":{"line":72,"column":69},"end":{"line":72,"column":null}}],"line":72},"7":{"loc":{"start":{"line":73,"column":20},"end":{"line":73,"column":null}},"type":"binary-expr","locations":[{"start":{"line":73,"column":20},"end":{"line":73,"column":32}},{"start":{"line":73,"column":32},"end":{"line":73,"column":44}},{"start":{"line":73,"column":44},"end":{"line":73,"column":61}},{"start":{"line":73,"column":61},"end":{"line":73,"column":null}}],"line":73},"8":{"loc":{"start":{"line":74,"column":19},"end":{"line":74,"column":null}},"type":"binary-expr","locations":[{"start":{"line":74,"column":19},"end":{"line":74,"column":35}},{"start":{"line":74,"column":35},"end":{"line":74,"column":46}},{"start":{"line":74,"column":46},"end":{"line":74,"column":null}}],"line":74},"9":{"loc":{"start":{"line":78,"column":4},"end":{"line":78,"column":null}},"type":"if","locations":[{"start":{"line":78,"column":4},"end":{"line":78,"column":null}},{"start":{},"end":{}}],"line":78},"10":{"loc":{"start":{"line":79,"column":4},"end":{"line":79,"column":null}},"type":"if","locations":[{"start":{"line":79,"column":4},"end":{"line":79,"column":null}},{"start":{},"end":{}}],"line":79},"11":{"loc":{"start":{"line":80,"column":4},"end":{"line":80,"column":null}},"type":"if","locations":[{"start":{"line":80,"column":4},"end":{"line":80,"column":null}},{"start":{},"end":{}}],"line":80},"12":{"loc":{"start":{"line":85,"column":4},"end":{"line":85,"column":null}},"type":"if","locations":[{"start":{"line":85,"column":4},"end":{"line":85,"column":null}},{"start":{},"end":{}}],"line":85},"13":{"loc":{"start":{"line":87,"column":26},"end":{"line":87,"column":null}},"type":"cond-expr","locations":[{"start":{"line":87,"column":40},"end":{"line":87,"column":103}},{"start":{"line":87,"column":103},"end":{"line":87,"column":null}}],"line":87},"14":{"loc":{"start":{"line":88,"column":4},"end":{"line":88,"column":null}},"type":"if","locations":[{"start":{"line":88,"column":4},"end":{"line":88,"column":null}},{"start":{},"end":{}}],"line":88},"15":{"loc":{"start":{"line":111,"column":6},"end":{"line":121,"column":null}},"type":"if","locations":[{"start":{"line":111,"column":6},"end":{"line":121,"column":null}},{"start":{},"end":{}}],"line":111},"16":{"loc":{"start":{"line":115,"column":11},"end":{"line":119,"column":null}},"type":"if","locations":[{"start":{"line":115,"column":11},"end":{"line":119,"column":null}},{"start":{"line":117,"column":18},"end":{"line":119,"column":null}}],"line":115},"17":{"loc":{"start":{"line":136,"column":4},"end":{"line":153,"column":null}},"type":"if","locations":[{"start":{"line":136,"column":4},"end":{"line":153,"column":null}},{"start":{},"end":{}}],"line":136},"18":{"loc":{"start":{"line":138,"column":7},"end":{"line":152,"column":null}},"type":"if","locations":[{"start":{"line":138,"column":7},"end":{"line":152,"column":null}},{"start":{"line":142,"column":14},"end":{"line":152,"column":null}}],"line":138},"19":{"loc":{"start":{"line":145,"column":24},"end":{"line":145,"column":null}},"type":"cond-expr","locations":[{"start":{"line":145,"column":34},"end":{"line":145,"column":47}},{"start":{"line":145,"column":47},"end":{"line":145,"column":null}}],"line":145},"20":{"loc":{"start":{"line":146,"column":32},"end":{"line":146,"column":null}},"type":"cond-expr","locations":[{"start":{"line":146,"column":41},"end":{"line":146,"column":69}},{"start":{"line":146,"column":69},"end":{"line":146,"column":null}}],"line":146},"21":{"loc":{"start":{"line":147,"column":9},"end":{"line":151,"column":null}},"type":"if","locations":[{"start":{"line":147,"column":9},"end":{"line":151,"column":null}},{"start":{},"end":{}}],"line":147},"22":{"loc":{"start":{"line":155,"column":4},"end":{"line":155,"column":null}},"type":"if","locations":[{"start":{"line":155,"column":4},"end":{"line":155,"column":null}},{"start":{},"end":{}}],"line":155},"23":{"loc":{"start":{"line":155,"column":8},"end":{"line":155,"column":32}},"type":"binary-expr","locations":[{"start":{"line":155,"column":8},"end":{"line":155,"column":21}},{"start":{"line":155,"column":21},"end":{"line":155,"column":32}}],"line":155},"24":{"loc":{"start":{"line":159,"column":12},"end":{"line":159,"column":null}},"type":"cond-expr","locations":[{"start":{"line":159,"column":33},"end":{"line":159,"column":67}},{"start":{"line":159,"column":67},"end":{"line":159,"column":null}}],"line":159},"25":{"loc":{"start":{"line":160,"column":12},"end":{"line":160,"column":null}},"type":"binary-expr","locations":[{"start":{"line":160,"column":12},"end":{"line":160,"column":30}},{"start":{"line":160,"column":30},"end":{"line":160,"column":null}}],"line":160},"26":{"loc":{"start":{"line":161,"column":16},"end":{"line":161,"column":null}},"type":"cond-expr","locations":[{"start":{"line":161,"column":42},"end":{"line":161,"column":97}},{"start":{"line":161,"column":97},"end":{"line":161,"column":null}}],"line":161},"27":{"loc":{"start":{"line":162,"column":16},"end":{"line":162,"column":null}},"type":"binary-expr","locations":[{"start":{"line":162,"column":16},"end":{"line":162,"column":38}},{"start":{"line":162,"column":38},"end":{"line":162,"column":null}}],"line":162},"28":{"loc":{"start":{"line":163,"column":19},"end":{"line":163,"column":null}},"type":"binary-expr","locations":[{"start":{"line":163,"column":19},"end":{"line":163,"column":44}},{"start":{"line":163,"column":44},"end":{"line":163,"column":null}}],"line":163},"29":{"loc":{"start":{"line":164,"column":12},"end":{"line":164,"column":null}},"type":"binary-expr","locations":[{"start":{"line":164,"column":12},"end":{"line":164,"column":30}},{"start":{"line":164,"column":30},"end":{"line":164,"column":null}}],"line":164},"30":{"loc":{"start":{"line":165,"column":16},"end":{"line":165,"column":null}},"type":"binary-expr","locations":[{"start":{"line":165,"column":16},"end":{"line":165,"column":38}},{"start":{"line":165,"column":38},"end":{"line":165,"column":null}}],"line":165},"31":{"loc":{"start":{"line":166,"column":16},"end":{"line":166,"column":null}},"type":"binary-expr","locations":[{"start":{"line":166,"column":16},"end":{"line":166,"column":41}},{"start":{"line":166,"column":41},"end":{"line":166,"column":null}}],"line":166},"32":{"loc":{"start":{"line":167,"column":19},"end":{"line":167,"column":59}},"type":"binary-expr","locations":[{"start":{"line":167,"column":19},"end":{"line":167,"column":38}},{"start":{"line":167,"column":38},"end":{"line":167,"column":58}},{"start":{"line":167,"column":58},"end":{"line":167,"column":59}}],"line":167},"33":{"loc":{"start":{"line":188,"column":2},"end":{"line":188,"column":null}},"type":"if","locations":[{"start":{"line":188,"column":2},"end":{"line":188,"column":null}},{"start":{},"end":{}}],"line":188},"34":{"loc":{"start":{"line":193,"column":60},"end":{"line":193,"column":77}},"type":"binary-expr","locations":[{"start":{"line":193,"column":60},"end":{"line":193,"column":75}},{"start":{"line":193,"column":75},"end":{"line":193,"column":77}}],"line":193}},"s":{"0":2,"1":2,"2":2,"3":2,"4":2,"5":2,"6":2,"7":2,"8":6,"9":6,"10":6,"11":6,"12":6,"13":6,"14":6,"15":6,"16":2,"17":2,"18":7,"19":7,"20":7,"21":7,"22":7,"23":7,"24":0,"25":7,"26":7,"27":6,"28":6,"29":6,"30":6,"31":6,"32":6,"33":6,"34":6,"35":0,"36":6,"37":0,"38":6,"39":0,"40":6,"41":6,"42":6,"43":1,"44":6,"45":6,"46":6,"47":6,"48":7,"49":7,"50":7,"51":7,"52":7,"53":7,"54":6,"55":6,"56":6,"57":6,"58":6,"59":3,"60":0,"61":3,"62":0,"63":6,"64":6,"65":7,"66":6,"67":6,"68":6,"69":6,"70":6,"71":0,"72":0,"73":6,"74":6,"75":6,"76":6,"77":5,"78":5,"79":6,"80":1,"81":6,"82":7,"83":2,"84":2,"85":1,"86":1,"87":12,"88":1,"89":1,"90":9,"91":1,"92":1,"93":1,"94":1,"95":1,"96":1,"97":1,"98":1,"99":1},"f":{"0":2,"1":7,"2":0,"3":6,"4":6,"5":3,"6":0,"7":6,"8":2,"9":12,"10":1,"11":9},"b":{"0":[6,0],"1":[0,0],"2":[6,3,0],"3":[6,4,1],"4":[6,3,0],"5":[6,3,0],"6":[6,6,5],"7":[6,6,6,6],"8":[6,3,3],"9":[0,6],"10":[0,6],"11":[0,6],"12":[1,5],"13":[6,0],"14":[6,0],"15":[6,0],"16":[0,3],"17":[6,0],"18":[0,6],"19":[6,0],"20":[6,0],"21":[5,1],"22":[1,5],"23":[6,1],"24":[5,1],"25":[6,1],"26":[6,0],"27":[6,0],"28":[6,5],"29":[6,5],"30":[6,0],"31":[6,0],"32":[6,5,5],"33":[1,1],"34":[9,0]},"meta":{"lastBranch":35,"lastFunction":12,"lastStatement":100,"seen":{"s:9:32:49:Infinity":0,"f:9:32:9:33":0,"s:10:50:18:Infinity":1,"s:20:15:20:Infinity":2,"s:21:14:21:Infinity":3,"s:22:21:22:Infinity":4,"s:23:2:23:Infinity":5,"s:25:2:47:Infinity":6,"s:25:15:25:18":7,"s:26:21:26:Infinity":8,"s:27:17:27:Infinity":9,"s:30:23:30:Infinity":10,"s:31:27:31:Infinity":11,"s:32:21:32:Infinity":12,"s:34:17:34:Infinity":13,"s:35:19:35:Infinity":14,"b:35:19:35:108:35:108:35:Infinity":0,"s:37:4:46:Infinity":15,"s:48:2:48:Infinity":16,"s:52:28:185:Infinity":17,"f:52:28:52:35":1,"s:53:35:53:Infinity":18,"s:54:20:54:Infinity":19,"s:55:23:55:Infinity":20,"s:56:25:56:Infinity":21,"s:57:48:57:Infinity":22,"s:59:23:61:Infinity":23,"f:59:23:59:24":2,"s:60:4:60:Infinity":24,"b:60:28:60:52:60:52:60:57":1,"s:64:26:64:Infinity":25,"s:66:18:91:Infinity":26,"f:66:27:66:28":3,"s:68:20:68:Infinity":27,"b:68:20:68:32:68:32:68:44:68:44:68:Infinity":2,"s:69:20:69:Infinity":28,"b:69:20:69:32:69:32:69:44:69:44:69:Infinity":3,"s:70:24:70:Infinity":29,"b:70:24:70:40:70:40:70:56:70:56:70:Infinity":4,"s:71:24:71:Infinity":30,"b:71:24:71:40:71:40:71:56:71:56:71:Infinity":5,"s:72:27:72:Infinity":31,"b:72:27:72:46:72:46:72:69:72:69:72:Infinity":6,"s:73:20:73:Infinity":32,"b:73:20:73:32:73:32:73:44:73:44:73:61:73:61:73:Infinity":7,"s:74:19:74:Infinity":33,"b:74:19:74:35:74:35:74:46:74:46:74:Infinity":8,"b:78:4:78:Infinity:undefined:undefined:undefined:undefined":9,"s:78:4:78:Infinity":34,"s:78:18:78:Infinity":35,"b:79:4:79:Infinity:undefined:undefined:undefined:undefined":10,"s:79:4:79:Infinity":36,"s:79:22:79:Infinity":37,"b:80:4:80:Infinity:undefined:undefined:undefined:undefined":11,"s:80:4:80:Infinity":38,"s:80:22:80:Infinity":39,"s:83:23:83:Infinity":40,"s:84:24:84:Infinity":41,"b:85:4:85:Infinity:undefined:undefined:undefined:undefined":12,"s:85:4:85:Infinity":42,"s:85:22:85:Infinity":43,"s:87:26:87:Infinity":44,"b:87:40:87:103:87:103:87:Infinity":13,"b:88:4:88:Infinity:undefined:undefined:undefined:undefined":14,"s:88:4:88:Infinity":45,"s:88:23:88:Infinity":46,"s:90:4:90:Infinity":47,"s:94:22:94:Infinity":48,"s:95:18:95:Infinity":49,"s:96:21:96:Infinity":50,"s:98:24:98:Infinity":51,"s:100:2:126:Infinity":52,"s:100:15:100:18":53,"s:101:18:101:Infinity":54,"s:105:31:123:Infinity":55,"f:110:10:110:17":4,"b:111:6:121:Infinity:undefined:undefined:undefined:undefined":15,"s:111:6:121:Infinity":56,"s:112:23:112:Infinity":57,"s:113:8:120:Infinity":58,"f:113:30:113:31":5,"b:115:11:119:Infinity:117:18:119:Infinity":16,"s:115:11:119:Infinity":59,"s:116:13:116:Infinity":60,"s:118:13:118:Infinity":61,"f:123:11:123:12":6,"s:123:20:123:73":62,"s:125:4:125:Infinity":63,"s:129:2:129:Infinity":64,"s:132:2:172:Infinity":65,"f:132:18:132:28":7,"s:133:14:133:Infinity":66,"s:134:14:134:Infinity":67,"b:136:4:153:Infinity:undefined:undefined:undefined:undefined":17,"s:136:4:153:Infinity":68,"s:137:21:137:Infinity":69,"b:138:7:152:Infinity:142:14:152:Infinity":18,"s:138:7:152:Infinity":70,"s:140:9:140:Infinity":71,"s:141:9:141:Infinity":72,"s:144:25:144:Infinity":73,"s:145:24:145:Infinity":74,"b:145:34:145:47:145:47:145:Infinity":19,"s:146:32:146:Infinity":75,"b:146:41:146:69:146:69:146:Infinity":20,"b:147:9:151:Infinity:undefined:undefined:undefined:undefined":21,"s:147:9:151:Infinity":76,"s:149:11:149:Infinity":77,"s:150:11:150:Infinity":78,"b:155:4:155:Infinity:undefined:undefined:undefined:undefined":22,"s:155:4:155:Infinity":79,"b:155:8:155:21:155:21:155:32":23,"s:155:32:155:Infinity":80,"s:157:4:171:Infinity":81,"b:159:33:159:67:159:67:159:Infinity":24,"b:160:12:160:30:160:30:160:Infinity":25,"b:161:42:161:97:161:97:161:Infinity":26,"b:162:16:162:38:162:38:162:Infinity":27,"b:163:19:163:44:163:44:163:Infinity":28,"b:164:12:164:30:164:30:164:Infinity":29,"b:165:16:165:38:165:38:165:Infinity":30,"b:166:16:166:41:166:41:166:Infinity":31,"b:167:19:167:38:167:38:167:58:167:58:167:59":32,"s:174:2:184:Infinity":82,"s:187:27:205:Infinity":83,"f:187:27:187:28":8,"b:188:2:188:Infinity:undefined:undefined:undefined:undefined":33,"s:188:2:188:Infinity":84,"s:188:25:188:Infinity":85,"s:190:18:190:Infinity":86,"f:190:46:190:51":9,"s:190:51:190:95":87,"s:191:18:194:Infinity":88,"f:193:16:193:23":10,"s:193:23:193:89":89,"f:193:35:193:45":11,"s:193:45:193:78":90,"b:193:60:193:75:193:75:193:77":34,"s:196:15:196:Infinity":91,"s:197:14:197:Infinity":92,"s:198:12:198:Infinity":93,"s:199:2:199:Infinity":94,"s:200:2:200:Infinity":95,"s:201:2:201:Infinity":96,"s:202:2:202:Infinity":97,"s:203:2:203:Infinity":98,"s:204:2:204:Infinity":99}}}
}
